[09/24 06:32:40] display all the hyper-parameters in args:
[09/24 06:32:40] opt: adam
[09/24 06:32:40] lr: 0.001
[09/24 06:32:40] gamma: 0.1
[09/24 06:32:40] epoch: 150
[09/24 06:32:40] weight_decay: 0.0005
[09/24 06:32:40] gpu: 1
[09/24 06:32:40] seed: 42
[09/24 06:32:40] val_epoch: 10
[09/24 06:32:40] resnet: True
[09/24 06:32:40] nesterov: True
[09/24 06:32:40] pre: False
[09/24 06:32:40] no_val: False
[09/24 06:32:40] train_way: 5
[09/24 06:32:40] test_way: 5
[09/24 06:32:40] train_shot: 1
[09/24 06:32:40] test_shot: 1
[09/24 06:32:40] train_query_shot: 15
[09/24 06:32:40] test_query_shot: 15
[09/24 06:32:40] val_trial: 2000
[09/24 06:32:40] detailed_name: True
[09/24 06:32:40] dataset: sketchy
[09/24 06:32:40] alpha: 0.5
[09/24 06:32:40] model: C2_Net
[09/24 06:32:40] resume: False
[09/24 06:32:40] resume_epoch: 0
[09/24 06:32:40] save_folder: /home/zhengwei/github/C2-Net/experiments/Sketchy/C2_Net/ResNet-12_1-shot
[09/24 06:32:40] ------------------------
[09/24 06:32:41] start training!
[09/24 06:32:41] Training...
[09/24 06:32:41] Learning rate: 0.001
[09/24 06:32:41] scale_h: 1.0
[09/24 06:32:41] scale_m: 1.0
