/home/zhengwei/yzwT2V/lib/python3.9/site-packages/torchvision/transforms/transforms.py:329: UserWarning: Argument 'interpolation' of type int is deprecated since 0.13 and will be removed in 0.15. Please use InterpolationMode enum.
  warnings.warn(
=> Sketchy dataset loaded
Dataset statistics:
  ----------------------------------------
  subset   | # ids | # images | # cameras
  ----------------------------------------
  train    |    64 |    23217 |         1
  query    |     5 |       10 |         1
  gallery  |     5 |     5548 |         1
  val      |    64 |     7739 |         1
  ----------------------------------------
[09/24 09:20:20] display all the hyper-parameters in args:
[09/24 09:20:20] opt: adam
[09/24 09:20:20] lr: 0.001
[09/24 09:20:20] gamma: 0.1
[09/24 09:20:20] epoch: 150
[09/24 09:20:20] weight_decay: 0.0005
[09/24 09:20:20] gpu: 1
[09/24 09:20:20] seed: 42
[09/24 09:20:20] val_epoch: 10
[09/24 09:20:20] resnet: False
[09/24 09:20:20] nesterov: True
[09/24 09:20:20] pre: False
[09/24 09:20:20] no_val: False
[09/24 09:20:20] train_way: 5
[09/24 09:20:20] test_way: 5
[09/24 09:20:20] train_shot: 1
[09/24 09:20:20] test_shot: 1
[09/24 09:20:20] train_query_shot: 15
[09/24 09:20:20] test_query_shot: 15
[09/24 09:20:20] val_trial: 2000
[09/24 09:20:20] detailed_name: True
[09/24 09:20:20] dataset: sketchy
[09/24 09:20:20] alpha: 0.5
[09/24 09:20:20] model: C2_Net
[09/24 09:20:20] resume: False
[09/24 09:20:20] resume_epoch: 0
[09/24 09:20:20] save_folder: /home/zhengwei/github/C2-Net/experiments/Sketchy/C2_Net/Conv-4_1-shot
[09/24 09:20:20] ------------------------
[09/24 09:20:21] start training!
  0%|          | 0/150 [00:00<?, ?it/s][09/24 09:20:21] Training...
[09/24 09:20:21] Learning rate: 0.001
[09/24 09:20:21] scale_h: 1.0
[09/24 09:20:21] scale_m: 1.0
/home/zhengwei/yzwT2V/lib/python3.9/site-packages/torch/nn/functional.py:4289: UserWarning: Default grid_sample and affine_grid behavior has changed to align_corners=False since 1.3.0. Please specify align_corners=True if the old behavior is desired. See the documentation of grid_sample for details.
  warnings.warn(
/home/zhengwei/yzwT2V/lib/python3.9/site-packages/torch/nn/functional.py:4227: UserWarning: Default grid_sample and affine_grid behavior has changed to align_corners=False since 1.3.0. Please specify align_corners=True if the old behavior is desired. See the documentation of grid_sample for details.
  warnings.warn(
