[09/25 01:40:02] display resume information
[09/25 01:40:02] display resume information
[09/25 01:40:02] display all the hyper-parameters in args:
[09/25 01:40:02] opt: adam
[09/25 01:40:02] lr: 0.001
[09/25 01:40:02] gamma: 0.1
[09/25 01:40:02] epoch: 150
[09/25 01:40:02] weight_decay: 0.0005
[09/25 01:40:02] gpu: 1
[09/25 01:40:02] seed: 42
[09/25 01:40:02] val_epoch: 10
[09/25 01:40:02] resnet: False
[09/25 01:40:02] nesterov: True
[09/25 01:40:02] pre: False
[09/25 01:40:02] no_val: False
[09/25 01:40:02] train_way: 5
[09/25 01:40:02] test_way: 5
[09/25 01:40:02] train_shot: 5
[09/25 01:40:02] test_shot: 5
[09/25 01:40:02] train_query_shot: 15
[09/25 01:40:02] test_query_shot: 15
[09/25 01:40:02] val_trial: 2000
[09/25 01:40:02] detailed_name: True
[09/25 01:40:02] dataset: sketchy
[09/25 01:40:02] alpha: 0.5
[09/25 01:40:02] model: C2_Net
[09/25 01:40:02] resume: False
[09/25 01:40:02] resume_epoch: 0
[09/25 01:40:02] save_folder: /home/zhengwei/github/C2-Net/experiments/Sketchy/C2_Net/Conv-4_5-shot
[09/25 01:40:02] ------------------------
[09/25 01:40:02] start training!
[09/25 01:40:02] Training...
[09/25 01:40:02] Learning rate: 0.001
[09/25 01:40:02] scale_h: 1.0
[09/25 01:40:02] scale_m: 1.0
[09/25 01:40:02] Avg Train C2_Net_loss: 3.3139
[09/25 01:40:02] Avg Train Acc: 22.08
[09/25 01:40:02] Training...
[09/25 01:40:02] Learning rate: 0.001
[09/25 01:40:02] scale_h: 0.9128701090812683
[09/25 01:40:02] scale_m: 0.9467757940292358
[09/25 01:40:02] Avg Train C2_Net_loss: 3.1451
[09/25 01:40:02] Avg Train Acc: 27.00
[09/25 01:40:02] Training...
[09/25 01:40:02] Learning rate: 0.001
[09/25 01:40:02] scale_h: 0.8894655108451843
[09/25 01:40:02] scale_m: 0.9259130954742432
[09/25 01:40:02] Avg Train C2_Net_loss: 3.0067
[09/25 01:40:02] Avg Train Acc: 33.70
[09/25 01:40:02] Training...
[09/25 01:40:02] Learning rate: 0.001
[09/25 01:40:02] scale_h: 0.9077273607254028
[09/25 01:40:02] scale_m: 0.9187218546867371
[09/25 01:40:02] Avg Train C2_Net_loss: 2.8421
[09/25 01:40:02] Avg Train Acc: 39.76
[09/25 01:40:02] Training...
[09/25 01:40:02] Learning rate: 0.001
[09/25 01:40:02] scale_h: 0.9186835289001465
[09/25 01:40:02] scale_m: 0.9029611349105835
[09/25 01:40:02] Avg Train C2_Net_loss: 2.7700
[09/25 01:40:02] Avg Train Acc: 41.81
[09/25 01:40:02] Training...
[09/25 01:40:02] Learning rate: 0.001
[09/25 01:40:02] scale_h: 0.9273135662078857
[09/25 01:40:02] scale_m: 0.8798079490661621
[09/25 01:40:02] Avg Train C2_Net_loss: 2.6861
[09/25 01:40:02] Avg Train Acc: 44.36
[09/25 01:40:02] Training...
[09/25 01:40:02] Learning rate: 0.001
[09/25 01:40:02] scale_h: 0.9399508237838745
[09/25 01:40:02] scale_m: 0.8750447034835815
[09/25 01:40:02] Avg Train C2_Net_loss: 2.6614
[09/25 01:40:02] Avg Train Acc: 44.84
[09/25 01:40:02] Training...
[09/25 01:40:02] Learning rate: 0.001
[09/25 01:40:02] scale_h: 0.9394451379776001
[09/25 01:40:02] scale_m: 0.8620649576187134
[09/25 01:40:02] Avg Train C2_Net_loss: 2.5363
[09/25 01:40:02] Avg Train Acc: 49.40
[09/25 01:40:02] Training...
[09/25 01:40:02] Learning rate: 0.001
[09/25 01:40:02] scale_h: 0.9464105367660522
[09/25 01:40:02] scale_m: 0.8574305176734924
[09/25 01:40:02] Avg Train C2_Net_loss: 2.5030
[09/25 01:40:02] Avg Train Acc: 50.08
[09/25 01:40:02] Training...
[09/25 01:40:02] Learning rate: 0.001
[09/25 01:40:02] scale_h: 0.9712187647819519
[09/25 01:40:02] scale_m: 0.8543064594268799
[09/25 01:40:02] Avg Train C2_Net_loss: 2.4273
[09/25 01:40:02] Avg Train Acc: 51.62
[09/25 01:40:02] 
[09/25 01:40:02] epoch 10/150, iter 2500:
[09/25 01:40:02] 5-way-5-shot acc: 54.112	0.445
[09/25 01:40:02] BEST!
[09/25 01:40:02] Training...
[09/25 01:40:02] Learning rate: 0.001
[09/25 01:40:02] scale_h: 0.9763350486755371
[09/25 01:40:02] scale_m: 0.8549143671989441
[09/25 01:40:02] Avg Train C2_Net_loss: 2.3891
[09/25 01:40:02] Avg Train Acc: 52.85
[09/25 01:40:02] Training...
[09/25 01:40:02] Learning rate: 0.001
[09/25 01:40:02] scale_h: 0.9715911149978638
[09/25 01:40:02] scale_m: 0.8481971621513367
[09/25 01:40:02] Avg Train C2_Net_loss: 2.2956
[09/25 01:40:02] Avg Train Acc: 54.62
[09/25 01:40:02] Training...
[09/25 01:40:02] Learning rate: 0.001
[09/25 01:40:02] scale_h: 0.985985517501831
[09/25 01:40:02] scale_m: 0.8638781309127808
[09/25 01:40:02] Avg Train C2_Net_loss: 2.2595
[09/25 01:40:02] Avg Train Acc: 56.01
[09/25 01:40:02] Training...
[09/25 01:40:02] Learning rate: 0.001
[09/25 01:40:02] scale_h: 0.9907903075218201
[09/25 01:40:02] scale_m: 0.8676552176475525
[09/25 01:40:02] Avg Train C2_Net_loss: 2.2301
[09/25 01:40:02] Avg Train Acc: 56.38
[09/25 01:40:02] Training...
[09/25 01:40:02] Learning rate: 0.001
[09/25 01:40:02] scale_h: 0.9975253939628601
[09/25 01:40:02] scale_m: 0.8725982904434204
[09/25 01:40:02] Avg Train C2_Net_loss: 2.1307
[09/25 01:40:02] Avg Train Acc: 59.11
[09/25 01:40:02] Training...
[09/25 01:40:02] Learning rate: 0.001
[09/25 01:40:02] scale_h: 1.0170468091964722
[09/25 01:40:02] scale_m: 0.8917373418807983
[09/25 01:40:02] Avg Train C2_Net_loss: 2.0629
[09/25 01:40:02] Avg Train Acc: 60.75
[09/25 01:40:02] Training...
[09/25 01:40:02] Learning rate: 0.001
[09/25 01:40:02] scale_h: 1.0347450971603394
[09/25 01:40:02] scale_m: 0.903241753578186
[09/25 01:40:02] Avg Train C2_Net_loss: 2.0130
[09/25 01:40:02] Avg Train Acc: 61.72
[09/25 01:40:02] Training...
[09/25 01:40:02] Learning rate: 0.001
[09/25 01:40:02] scale_h: 1.0510673522949219
[09/25 01:40:02] scale_m: 0.9167601466178894
[09/25 01:40:02] Avg Train C2_Net_loss: 2.0335
[09/25 01:40:02] Avg Train Acc: 61.29
[09/25 01:40:02] Training...
[09/25 01:40:02] Learning rate: 0.001
[09/25 01:40:02] scale_h: 1.0593985319137573
[09/25 01:40:02] scale_m: 0.9163448214530945
[09/25 01:40:02] Avg Train C2_Net_loss: 1.9614
[09/25 01:40:02] Avg Train Acc: 62.54
[09/25 01:40:02] Training...
[09/25 01:40:02] Learning rate: 0.001
[09/25 01:40:02] scale_h: 1.0803347826004028
[09/25 01:40:02] scale_m: 0.9275263547897339
[09/25 01:40:02] Avg Train C2_Net_loss: 1.9258
[09/25 01:40:02] Avg Train Acc: 63.94
[09/25 01:40:02] 
[09/25 01:40:02] epoch 20/150, iter 5000:
[09/25 01:40:02] 5-way-5-shot acc: 63.088	0.443
[09/25 01:40:02] BEST!
[09/25 01:40:02] Training...
[09/25 01:40:02] Learning rate: 0.001
[09/25 01:40:02] scale_h: 1.0985562801361084
[09/25 01:40:02] scale_m: 0.9359278678894043
[09/25 01:40:02] Avg Train C2_Net_loss: 1.9480
[09/25 01:40:02] Avg Train Acc: 63.10
[09/25 01:40:02] Training...
[09/25 01:40:02] Learning rate: 0.001
[09/25 01:40:02] scale_h: 1.1032899618148804
[09/25 01:40:02] scale_m: 0.9449435472488403
[09/25 01:40:02] Avg Train C2_Net_loss: 1.8715
[09/25 01:40:02] Avg Train Acc: 64.82
[09/25 01:40:02] Training...
[09/25 01:40:02] Learning rate: 0.001
[09/25 01:40:02] scale_h: 1.1191470623016357
[09/25 01:40:02] scale_m: 0.9580698013305664
[09/25 01:40:02] Avg Train C2_Net_loss: 1.8462
[09/25 01:40:02] Avg Train Acc: 65.32
[09/25 01:40:02] Training...
[09/25 01:40:02] Learning rate: 0.001
[09/25 01:40:02] scale_h: 1.1298145055770874
[09/25 01:40:02] scale_m: 0.9688333868980408
[09/25 01:40:02] Avg Train C2_Net_loss: 1.8285
[09/25 01:40:02] Avg Train Acc: 65.24
[09/25 01:40:02] Training...
[09/25 01:40:02] Learning rate: 0.001
[09/25 01:40:02] scale_h: 1.136732816696167
[09/25 01:40:02] scale_m: 0.9819777607917786
[09/25 01:40:02] Avg Train C2_Net_loss: 1.7778
[09/25 01:40:02] Avg Train Acc: 66.31
[09/25 01:40:02] Training...
[09/25 01:40:02] Learning rate: 0.001
[09/25 01:40:02] scale_h: 1.1556912660598755
[09/25 01:40:02] scale_m: 0.9972575306892395
[09/25 01:40:02] Avg Train C2_Net_loss: 1.7567
[09/25 01:40:02] Avg Train Acc: 67.14
[09/25 01:40:02] Training...
[09/25 01:40:02] Learning rate: 0.001
[09/25 01:40:02] scale_h: 1.1665576696395874
[09/25 01:40:02] scale_m: 1.010619878768921
[09/25 01:40:02] Avg Train C2_Net_loss: 1.7254
[09/25 01:40:02] Avg Train Acc: 67.71
[09/25 01:40:02] Training...
[09/25 01:40:02] Learning rate: 0.001
[09/25 01:40:02] scale_h: 1.1882977485656738
[09/25 01:40:02] scale_m: 1.027821660041809
[09/25 01:40:02] Avg Train C2_Net_loss: 1.7250
[09/25 01:40:02] Avg Train Acc: 67.98
[09/25 01:40:02] Training...
[09/25 01:40:02] Learning rate: 0.001
[09/25 01:40:02] scale_h: 1.191299319267273
[09/25 01:40:02] scale_m: 1.024057388305664
[09/25 01:40:02] Avg Train C2_Net_loss: 1.6904
[09/25 01:40:02] Avg Train Acc: 68.57
[09/25 01:40:02] Training...
[09/25 01:40:02] Learning rate: 0.001
[09/25 01:40:02] scale_h: 1.211610198020935
[09/25 01:40:02] scale_m: 1.0396217107772827
[09/25 01:40:02] Avg Train C2_Net_loss: 1.6843
[09/25 01:40:02] Avg Train Acc: 68.99
[09/25 01:40:02] 
[09/25 01:40:02] epoch 30/150, iter 7500:
[09/25 01:40:02] 5-way-5-shot acc: 69.291	0.424
[09/25 01:40:02] BEST!
[09/25 01:40:02] Training...
[09/25 01:40:02] Learning rate: 0.001
[09/25 01:40:02] scale_h: 1.2215476036071777
[09/25 01:40:02] scale_m: 1.048446536064148
[09/25 01:40:02] Avg Train C2_Net_loss: 1.6478
[09/25 01:40:02] Avg Train Acc: 69.52
[09/25 01:40:02] Training...
[09/25 01:40:02] Learning rate: 0.001
[09/25 01:40:02] scale_h: 1.2376580238342285
[09/25 01:40:02] scale_m: 1.0597411394119263
[09/25 01:40:02] Avg Train C2_Net_loss: 1.6538
[09/25 01:40:02] Avg Train Acc: 69.05
[09/25 01:40:02] Training...
[09/25 01:40:02] Learning rate: 0.001
[09/25 01:40:02] scale_h: 1.244901418685913
[09/25 01:40:02] scale_m: 1.072778582572937
[09/25 01:40:02] Avg Train C2_Net_loss: 1.6531
[09/25 01:40:02] Avg Train Acc: 69.27
[09/25 01:40:02] Training...
[09/25 01:40:02] Learning rate: 0.001
[09/25 01:40:02] scale_h: 1.2661570310592651
[09/25 01:40:02] scale_m: 1.0891776084899902
[09/25 01:40:02] Avg Train C2_Net_loss: 1.5871
[09/25 01:40:02] Avg Train Acc: 70.55
[09/25 01:40:02] Training...
[09/25 01:40:02] Learning rate: 0.001
[09/25 01:40:02] scale_h: 1.289421796798706
[09/25 01:40:02] scale_m: 1.0968812704086304
[09/25 01:40:02] Avg Train C2_Net_loss: 1.6372
[09/25 01:40:02] Avg Train Acc: 69.57
[09/25 01:40:02] Training...
[09/25 01:40:02] Learning rate: 0.001
[09/25 01:40:02] scale_h: 1.3045148849487305
[09/25 01:40:02] scale_m: 1.0994817018508911
[09/25 01:40:02] Avg Train C2_Net_loss: 1.6179
[09/25 01:40:02] Avg Train Acc: 69.85
[09/25 01:40:02] Training...
[09/25 01:40:02] Learning rate: 0.001
[09/25 01:40:02] scale_h: 1.3107643127441406
[09/25 01:40:02] scale_m: 1.1178864240646362
[09/25 01:40:02] Avg Train C2_Net_loss: 1.5609
[09/25 01:40:02] Avg Train Acc: 71.35
[09/25 01:40:02] Training...
[09/25 01:40:02] Learning rate: 0.001
[09/25 01:40:02] scale_h: 1.3288341760635376
[09/25 01:40:02] scale_m: 1.132218837738037
[09/25 01:40:02] Avg Train C2_Net_loss: 1.5650
[09/25 01:40:02] Avg Train Acc: 71.48
[09/25 01:40:02] Training...
[09/25 01:40:02] Learning rate: 0.001
[09/25 01:40:02] scale_h: 1.3470975160598755
[09/25 01:40:02] scale_m: 1.142484188079834
[09/25 01:40:02] Avg Train C2_Net_loss: 1.5466
[09/25 01:40:02] Avg Train Acc: 71.53
[09/25 01:40:02] Training...
[09/25 01:40:02] Learning rate: 0.001
[09/25 01:40:02] scale_h: 1.37111496925354
[09/25 01:40:02] scale_m: 1.161881685256958
[09/25 01:40:02] Avg Train C2_Net_loss: 1.5076
[09/25 01:40:02] Avg Train Acc: 72.52
[09/25 01:40:02] 
[09/25 01:40:02] epoch 40/150, iter 10000:
[09/25 01:40:02] 5-way-5-shot acc: 72.161	0.408
[09/25 01:40:02] BEST!
[09/25 01:40:02] Training...
[09/25 01:40:02] Learning rate: 0.001
[09/25 01:40:02] scale_h: 1.3735125064849854
[09/25 01:40:02] scale_m: 1.1585270166397095
[09/25 01:40:02] Avg Train C2_Net_loss: 1.4738
[09/25 01:40:02] Avg Train Acc: 73.22
[09/25 01:40:02] Training...
[09/25 01:40:02] Learning rate: 0.001
[09/25 01:40:02] scale_h: 1.3893687725067139
[09/25 01:40:02] scale_m: 1.1814303398132324
[09/25 01:40:02] Avg Train C2_Net_loss: 1.5198
[09/25 01:40:02] Avg Train Acc: 71.87
[09/25 01:40:02] Training...
[09/25 01:40:02] Learning rate: 0.001
[09/25 01:40:02] scale_h: 1.4066425561904907
[09/25 01:40:02] scale_m: 1.1940369606018066
[09/25 01:40:02] Avg Train C2_Net_loss: 1.4984
[09/25 01:40:02] Avg Train Acc: 72.52
[09/25 01:40:02] Training...
[09/25 01:40:02] Learning rate: 0.001
[09/25 01:40:02] scale_h: 1.4133031368255615
[09/25 01:40:02] scale_m: 1.2022194862365723
[09/25 01:40:02] Avg Train C2_Net_loss: 1.4612
[09/25 01:40:02] Avg Train Acc: 73.06
[09/25 01:40:02] Training...
[09/25 01:40:02] Learning rate: 0.001
[09/25 01:40:02] scale_h: 1.4284414052963257
[09/25 01:40:02] scale_m: 1.2204231023788452
[09/25 01:40:02] Avg Train C2_Net_loss: 1.4845
[09/25 01:40:02] Avg Train Acc: 72.78
[09/25 01:40:02] Training...
[09/25 01:40:02] Learning rate: 0.001
[09/25 01:40:02] scale_h: 1.4401049613952637
[09/25 01:40:02] scale_m: 1.2238507270812988
[09/25 01:40:02] Avg Train C2_Net_loss: 1.4449
[09/25 01:40:02] Avg Train Acc: 73.46
[09/25 01:40:02] Training...
[09/25 01:40:02] Learning rate: 0.001
[09/25 01:40:02] scale_h: 1.4614611864089966
[09/25 01:40:02] scale_m: 1.2342687845230103
[09/25 01:40:02] Avg Train C2_Net_loss: 1.4632
[09/25 01:40:02] Avg Train Acc: 73.03
[09/25 01:40:02] Training...
[09/25 01:40:02] Learning rate: 0.001
[09/25 01:40:02] scale_h: 1.476207971572876
[09/25 01:40:02] scale_m: 1.247161626815796
[09/25 01:40:02] Avg Train C2_Net_loss: 1.4162
[09/25 01:40:02] Avg Train Acc: 74.30
[09/25 01:40:02] Training...
[09/25 01:40:02] Learning rate: 0.001
[09/25 01:40:02] scale_h: 1.4910271167755127
[09/25 01:40:02] scale_m: 1.261346697807312
[09/25 01:40:02] Avg Train C2_Net_loss: 1.4172
[09/25 01:40:02] Avg Train Acc: 74.27
[09/25 01:40:02] Training...
[09/25 01:40:02] Learning rate: 0.001
[09/25 01:40:02] scale_h: 1.5113301277160645
[09/25 01:40:02] scale_m: 1.266464114189148
[09/25 01:40:02] Avg Train C2_Net_loss: 1.4353
[09/25 01:40:02] Avg Train Acc: 73.83
[09/25 01:40:02] 
[09/25 01:40:02] epoch 50/150, iter 12500:
[09/25 01:40:02] 5-way-5-shot acc: 74.341	0.399
[09/25 01:40:02] BEST!
[09/25 01:40:02] Training...
[09/25 01:40:02] Learning rate: 0.001
[09/25 01:40:02] scale_h: 1.522076964378357
[09/25 01:40:02] scale_m: 1.2736051082611084
[09/25 01:40:02] Avg Train C2_Net_loss: 1.4109
[09/25 01:40:02] Avg Train Acc: 74.03
[09/25 01:40:02] Training...
[09/25 01:40:02] Learning rate: 0.001
[09/25 01:40:02] scale_h: 1.5224945545196533
[09/25 01:40:02] scale_m: 1.280308723449707
[09/25 01:40:02] Avg Train C2_Net_loss: 1.4118
[09/25 01:40:02] Avg Train Acc: 74.42
[09/25 01:40:02] Training...
[09/25 01:40:02] Learning rate: 0.001
[09/25 01:40:02] scale_h: 1.5405806303024292
[09/25 01:40:02] scale_m: 1.3046528100967407
[09/25 01:40:02] Avg Train C2_Net_loss: 1.4473
[09/25 01:40:02] Avg Train Acc: 73.64
[09/25 01:40:02] Training...
[09/25 01:40:02] Learning rate: 0.001
[09/25 01:40:02] scale_h: 1.5442346334457397
[09/25 01:40:02] scale_m: 1.2992218732833862
[09/25 01:40:02] Avg Train C2_Net_loss: 1.4078
[09/25 01:40:02] Avg Train Acc: 74.60
[09/25 01:40:02] Training...
[09/25 01:40:02] Learning rate: 0.001
[09/25 01:40:02] scale_h: 1.5572395324707031
[09/25 01:40:02] scale_m: 1.317657232284546
[09/25 01:40:02] Avg Train C2_Net_loss: 1.3946
[09/25 01:40:02] Avg Train Acc: 74.38
[09/25 01:40:02] Training...
[09/25 01:40:02] Learning rate: 0.001
[09/25 01:40:02] scale_h: 1.566146731376648
[09/25 01:40:02] scale_m: 1.3278783559799194
[09/25 01:40:02] Avg Train C2_Net_loss: 1.3779
[09/25 01:40:02] Avg Train Acc: 74.93
[09/25 01:40:02] Training...
[09/25 01:40:02] Learning rate: 0.001
[09/25 01:40:02] scale_h: 1.5877373218536377
[09/25 01:40:02] scale_m: 1.3397893905639648
[09/25 01:40:02] Avg Train C2_Net_loss: 1.4058
[09/25 01:40:02] Avg Train Acc: 74.41
[09/25 01:40:02] Training...
[09/25 01:40:02] Learning rate: 0.001
[09/25 01:40:02] scale_h: 1.5956333875656128
[09/25 01:40:02] scale_m: 1.3514944314956665
[09/25 01:40:02] Avg Train C2_Net_loss: 1.3471
[09/25 01:40:02] Avg Train Acc: 75.79
[09/25 01:40:02] Training...
[09/25 01:40:02] Learning rate: 0.001
[09/25 01:40:02] scale_h: 1.614917516708374
[09/25 01:40:02] scale_m: 1.3662077188491821
[09/25 01:40:02] Avg Train C2_Net_loss: 1.4128
[09/25 01:40:02] Avg Train Acc: 73.97
[09/25 01:40:02] Training...
[09/25 01:40:02] Learning rate: 0.001
[09/25 01:40:02] scale_h: 1.6155608892440796
[09/25 01:40:02] scale_m: 1.3695412874221802
[09/25 01:40:02] Avg Train C2_Net_loss: 1.3203
[09/25 01:40:02] Avg Train Acc: 75.97
[09/25 01:40:02] 
[09/25 01:40:02] epoch 60/150, iter 15000:
[09/25 01:40:02] 5-way-5-shot acc: 76.387	0.405
[09/25 01:40:02] BEST!
[09/25 01:40:02] Training...
[09/25 01:40:02] Learning rate: 0.001
[09/25 01:40:02] scale_h: 1.6428993940353394
[09/25 01:40:02] scale_m: 1.3943517208099365
[09/25 01:40:02] Avg Train C2_Net_loss: 1.3097
[09/25 01:40:02] Avg Train Acc: 76.37
[09/25 01:40:02] Training...
[09/25 01:40:02] Learning rate: 0.001
[09/25 01:40:02] scale_h: 1.6496140956878662
[09/25 01:40:02] scale_m: 1.4046677350997925
[09/25 01:40:02] Avg Train C2_Net_loss: 1.3630
[09/25 01:40:02] Avg Train Acc: 75.18
[09/25 01:40:02] Training...
[09/25 01:40:02] Learning rate: 0.001
[09/25 01:40:02] scale_h: 1.6563308238983154
[09/25 01:40:02] scale_m: 1.406418800354004
[09/25 01:40:02] Avg Train C2_Net_loss: 1.3490
[09/25 01:40:02] Avg Train Acc: 75.13
[09/25 01:40:02] Training...
[09/25 01:40:02] Learning rate: 0.001
[09/25 01:40:02] scale_h: 1.6800333261489868
[09/25 01:40:02] scale_m: 1.4186114072799683
[09/25 01:40:02] Avg Train C2_Net_loss: 1.3020
[09/25 01:40:02] Avg Train Acc: 76.77
[09/25 01:40:02] Training...
[09/25 01:40:02] Learning rate: 0.001
[09/25 01:40:02] scale_h: 1.6916669607162476
[09/25 01:40:02] scale_m: 1.4330545663833618
[09/25 01:40:02] Avg Train C2_Net_loss: 1.3377
[09/25 01:40:02] Avg Train Acc: 75.82
[09/25 01:40:02] Training...
[09/25 01:40:02] Learning rate: 0.001
[09/25 01:40:02] scale_h: 1.7094775438308716
[09/25 01:40:02] scale_m: 1.4444657564163208
[09/25 01:40:02] Avg Train C2_Net_loss: 1.3250
[09/25 01:40:02] Avg Train Acc: 76.25
[09/25 01:40:02] Training...
[09/25 01:40:02] Learning rate: 0.001
[09/25 01:40:02] scale_h: 1.7111999988555908
[09/25 01:40:02] scale_m: 1.4544349908828735
[09/25 01:40:02] Avg Train C2_Net_loss: 1.3179
[09/25 01:40:02] Avg Train Acc: 76.12
[09/25 01:40:02] Training...
[09/25 01:40:02] Learning rate: 0.001
[09/25 01:40:02] scale_h: 1.717703104019165
[09/25 01:40:02] scale_m: 1.452102780342102
[09/25 01:40:02] Avg Train C2_Net_loss: 1.2982
[09/25 01:40:02] Avg Train Acc: 76.90
[09/25 01:40:02] Training...
[09/25 01:40:02] Learning rate: 0.001
[09/25 01:40:02] scale_h: 1.7467139959335327
[09/25 01:40:02] scale_m: 1.4781672954559326
[09/25 01:40:02] Avg Train C2_Net_loss: 1.3861
[09/25 01:40:02] Avg Train Acc: 74.49
[09/25 01:40:02] Training...
[09/25 01:40:02] Learning rate: 0.001
[09/25 01:40:02] scale_h: 1.7512707710266113
[09/25 01:40:02] scale_m: 1.4852322340011597
[09/25 01:40:02] Avg Train C2_Net_loss: 1.2862
[09/25 01:40:02] Avg Train Acc: 76.41
[09/25 01:40:02] 
[09/25 01:40:02] epoch 70/150, iter 17500:
[09/25 01:40:02] 5-way-5-shot acc: 76.480	0.392
[09/25 01:40:02] BEST!
[09/25 01:40:02] Training...
[09/25 01:40:02] Learning rate: 0.0001
[09/25 01:40:02] scale_h: 1.771308422088623
[09/25 01:40:02] scale_m: 1.4900914430618286
[09/25 01:40:02] Avg Train C2_Net_loss: 1.2058
[09/25 01:40:02] Avg Train Acc: 78.38
[09/25 01:40:02] Training...
[09/25 01:40:02] Learning rate: 0.0001
[09/25 01:40:02] scale_h: 1.7773094177246094
[09/25 01:40:02] scale_m: 1.4960801601409912
[09/25 01:40:02] Avg Train C2_Net_loss: 1.1473
[09/25 01:40:02] Avg Train Acc: 79.21
[09/25 01:40:02] Training...
[09/25 01:40:02] Learning rate: 0.0001
[09/25 01:40:02] scale_h: 1.7820103168487549
[09/25 01:40:02] scale_m: 1.5008368492126465
[09/25 01:40:02] Avg Train C2_Net_loss: 1.1694
[09/25 01:40:02] Avg Train Acc: 78.80
[09/25 01:40:02] Training...
[09/25 01:40:02] Learning rate: 0.0001
[09/25 01:40:02] scale_h: 1.7861688137054443
[09/25 01:40:02] scale_m: 1.505336046218872
[09/25 01:40:02] Avg Train C2_Net_loss: 1.1481
[09/25 01:40:02] Avg Train Acc: 79.30
[09/25 01:40:02] Training...
[09/25 01:40:02] Learning rate: 0.0001
[09/25 01:40:02] scale_h: 1.7912096977233887
[09/25 01:40:02] scale_m: 1.5091617107391357
[09/25 01:40:02] Avg Train C2_Net_loss: 1.1540
[09/25 01:40:02] Avg Train Acc: 79.18
[09/25 01:40:02] Training...
[09/25 01:40:02] Learning rate: 0.0001
[09/25 01:40:02] scale_h: 1.794385313987732
[09/25 01:40:02] scale_m: 1.5119236707687378
[09/25 01:40:02] Avg Train C2_Net_loss: 1.1298
[09/25 01:40:02] Avg Train Acc: 79.46
[09/25 01:40:02] Training...
[09/25 01:40:02] Learning rate: 0.0001
[09/25 01:40:02] scale_h: 1.797319769859314
[09/25 01:40:02] scale_m: 1.5152233839035034
[09/25 01:40:02] Avg Train C2_Net_loss: 1.1565
[09/25 01:40:02] Avg Train Acc: 78.86
[09/25 01:40:02] Training...
[09/25 01:40:02] Learning rate: 0.0001
[09/25 01:40:02] scale_h: 1.7993988990783691
[09/25 01:40:02] scale_m: 1.5165101289749146
[09/25 01:40:02] Avg Train C2_Net_loss: 1.1174
[09/25 01:40:02] Avg Train Acc: 79.79
[09/25 01:40:02] Training...
[09/25 01:40:02] Learning rate: 0.0001
[09/25 01:40:02] scale_h: 1.80239737033844
[09/25 01:40:02] scale_m: 1.5195754766464233
[09/25 01:40:02] Avg Train C2_Net_loss: 1.1538
[09/25 01:40:02] Avg Train Acc: 78.88
[09/25 01:40:02] Training...
[09/25 01:40:02] Learning rate: 0.0001
[09/25 01:40:02] scale_h: 1.8038336038589478
[09/25 01:40:02] scale_m: 1.5220054388046265
[09/25 01:40:02] Avg Train C2_Net_loss: 1.1393
[09/25 01:40:02] Avg Train Acc: 79.28
[09/25 01:40:02] 
[09/25 01:40:02] epoch 80/150, iter 20000:
[09/25 01:40:02] 5-way-5-shot acc: 80.229	0.369
[09/25 01:40:02] BEST!
[09/25 01:40:02] Training...
[09/25 01:40:02] Learning rate: 0.0001
[09/25 01:40:02] scale_h: 1.8064167499542236
[09/25 01:40:02] scale_m: 1.5241318941116333
[09/25 01:40:02] Avg Train C2_Net_loss: 1.0911
[09/25 01:40:02] Avg Train Acc: 80.48
[09/25 01:40:02] Training...
[09/25 01:40:02] Learning rate: 0.0001
[09/25 01:40:02] scale_h: 1.8099344968795776
[09/25 01:40:02] scale_m: 1.5284953117370605
[09/25 01:40:02] Avg Train C2_Net_loss: 1.0754
[09/25 01:40:02] Avg Train Acc: 80.63
[09/25 01:40:02] Training...
[09/25 01:40:02] Learning rate: 0.0001
[09/25 01:40:02] scale_h: 1.8137505054473877
[09/25 01:40:02] scale_m: 1.5324569940567017
[09/25 01:40:02] Avg Train C2_Net_loss: 1.0883
[09/25 01:40:02] Avg Train Acc: 80.12
[09/25 01:40:02] Training...
[09/25 01:40:02] Learning rate: 0.0001
[09/25 01:40:02] scale_h: 1.815980315208435
[09/25 01:40:02] scale_m: 1.533473014831543
[09/25 01:40:02] Avg Train C2_Net_loss: 1.1221
[09/25 01:40:02] Avg Train Acc: 79.78
[09/25 01:40:02] Training...
[09/25 01:40:02] Learning rate: 0.0001
[09/25 01:40:02] scale_h: 1.8154317140579224
[09/25 01:40:02] scale_m: 1.53456449508667
[09/25 01:40:02] Avg Train C2_Net_loss: 1.0873
[09/25 01:40:02] Avg Train Acc: 79.97
[09/25 01:40:02] Training...
[09/25 01:40:02] Learning rate: 0.0001
[09/25 01:40:02] scale_h: 1.818436622619629
[09/25 01:40:02] scale_m: 1.5372467041015625
[09/25 01:40:02] Avg Train C2_Net_loss: 1.1022
[09/25 01:40:02] Avg Train Acc: 79.83
[09/25 01:40:02] Training...
[09/25 01:40:02] Learning rate: 0.0001
[09/25 01:40:02] scale_h: 1.8208184242248535
[09/25 01:40:02] scale_m: 1.5388790369033813
[09/25 01:40:02] Avg Train C2_Net_loss: 1.1085
[09/25 01:40:02] Avg Train Acc: 80.17
[09/25 01:40:02] Training...
[09/25 01:40:02] Learning rate: 0.0001
[09/25 01:40:02] scale_h: 1.8225150108337402
[09/25 01:40:02] scale_m: 1.5408693552017212
[09/25 01:40:02] Avg Train C2_Net_loss: 1.0484
[09/25 01:40:02] Avg Train Acc: 81.21
[09/25 01:40:02] Training...
[09/25 01:40:02] Learning rate: 0.0001
[09/25 01:40:02] scale_h: 1.8255637884140015
[09/25 01:40:02] scale_m: 1.543013334274292
[09/25 01:40:02] Avg Train C2_Net_loss: 1.0707
[09/25 01:40:02] Avg Train Acc: 81.01
[09/25 01:40:02] Training...
[09/25 01:40:02] Learning rate: 0.0001
[09/25 01:40:02] scale_h: 1.8276523351669312
[09/25 01:40:02] scale_m: 1.544173002243042
[09/25 01:40:02] Avg Train C2_Net_loss: 1.0772
[09/25 01:40:02] Avg Train Acc: 80.57
[09/25 01:40:02] 
[09/25 01:40:02] epoch 90/150, iter 22500:
[09/25 01:40:02] 5-way-5-shot acc: 80.858	0.376
[09/25 01:40:02] BEST!
[09/25 01:40:02] Training...
[09/25 01:40:02] Learning rate: 0.0001
[09/25 01:40:02] scale_h: 1.8315099477767944
[09/25 01:40:02] scale_m: 1.5481337308883667
[09/25 01:40:02] Avg Train C2_Net_loss: 1.0964
[09/25 01:40:02] Avg Train Acc: 80.53
[09/25 01:40:02] Training...
[09/25 01:40:02] Learning rate: 0.0001
[09/25 01:40:02] scale_h: 1.8334838151931763
[09/25 01:40:02] scale_m: 1.5496214628219604
[09/25 01:40:02] Avg Train C2_Net_loss: 1.0658
[09/25 01:40:02] Avg Train Acc: 81.26
[09/25 01:40:02] Training...
[09/25 01:40:02] Learning rate: 0.0001
[09/25 01:40:02] scale_h: 1.8370252847671509
[09/25 01:40:02] scale_m: 1.5520906448364258
[09/25 01:40:02] Avg Train C2_Net_loss: 1.0519
[09/25 01:40:02] Avg Train Acc: 80.84
[09/25 01:40:02] Training...
[09/25 01:40:02] Learning rate: 0.0001
[09/25 01:40:02] scale_h: 1.8400828838348389
[09/25 01:40:02] scale_m: 1.5539300441741943
[09/25 01:40:02] Avg Train C2_Net_loss: 1.0840
[09/25 01:40:02] Avg Train Acc: 80.24
[09/25 01:40:02] Training...
[09/25 01:40:02] Learning rate: 0.0001
[09/25 01:40:02] scale_h: 1.8404213190078735
[09/25 01:40:02] scale_m: 1.5553059577941895
[09/25 01:40:02] Avg Train C2_Net_loss: 1.0499
[09/25 01:40:02] Avg Train Acc: 81.06
[09/25 01:40:02] Training...
[09/25 01:40:02] Learning rate: 0.0001
[09/25 01:40:02] scale_h: 1.8433613777160645
[09/25 01:40:02] scale_m: 1.5562878847122192
[09/25 01:40:02] Avg Train C2_Net_loss: 1.0999
[09/25 01:40:02] Avg Train Acc: 80.43
[09/25 01:40:02] Training...
[09/25 01:40:02] Learning rate: 0.0001
[09/25 01:40:02] scale_h: 1.8442859649658203
[09/25 01:40:02] scale_m: 1.5570470094680786
[09/25 01:40:02] Avg Train C2_Net_loss: 1.0674
[09/25 01:40:02] Avg Train Acc: 80.41
[09/25 01:40:02] Training...
[09/25 01:40:02] Learning rate: 0.0001
[09/25 01:40:02] scale_h: 1.8466064929962158
[09/25 01:40:02] scale_m: 1.5587724447250366
[09/25 01:40:02] Avg Train C2_Net_loss: 1.0624
[09/25 01:40:02] Avg Train Acc: 80.85
[09/25 01:40:02] Training...
[09/25 01:40:02] Learning rate: 0.0001
[09/25 01:40:02] scale_h: 1.8500683307647705
[09/25 01:40:02] scale_m: 1.5624971389770508
[09/25 01:40:02] Avg Train C2_Net_loss: 1.0235
[09/25 01:40:02] Avg Train Acc: 82.30
[09/25 01:40:02] Training...
[09/25 01:40:02] Learning rate: 0.0001
[09/25 01:40:02] scale_h: 1.8526051044464111
[09/25 01:40:02] scale_m: 1.5657912492752075
[09/25 01:40:02] Avg Train C2_Net_loss: 1.0538
[09/25 01:40:02] Avg Train Acc: 81.10
[09/25 01:40:02] 
[09/25 01:40:02] epoch 100/150, iter 25000:
[09/25 01:40:02] 5-way-5-shot acc: 80.966	0.356
[09/25 01:40:02] BEST!
[09/25 01:40:02] Training...
[09/25 01:40:02] Learning rate: 0.0001
[09/25 01:40:02] scale_h: 1.8538498878479004
[09/25 01:40:02] scale_m: 1.5673099756240845
[09/25 01:40:02] Avg Train C2_Net_loss: 1.0373
[09/25 01:40:02] Avg Train Acc: 81.18
[09/25 01:40:02] Training...
[09/25 01:40:02] Learning rate: 0.0001
[09/25 01:40:02] scale_h: 1.8561410903930664
[09/25 01:40:02] scale_m: 1.5689283609390259
[09/25 01:40:02] Avg Train C2_Net_loss: 1.0632
[09/25 01:40:02] Avg Train Acc: 80.93
[09/25 01:40:02] Training...
[09/25 01:40:02] Learning rate: 0.0001
[09/25 01:40:02] scale_h: 1.8582570552825928
[09/25 01:40:02] scale_m: 1.5704067945480347
[09/25 01:40:02] Avg Train C2_Net_loss: 1.0613
[09/25 01:40:02] Avg Train Acc: 80.77
[09/25 01:40:02] Training...
[09/25 01:40:02] Learning rate: 0.0001
[09/25 01:40:02] scale_h: 1.8600035905838013
[09/25 01:40:02] scale_m: 1.5724802017211914
[09/25 01:40:02] Avg Train C2_Net_loss: 1.0477
[09/25 01:40:02] Avg Train Acc: 81.04
[09/25 01:40:02] Training...
[09/25 01:40:02] Learning rate: 0.0001
[09/25 01:40:02] scale_h: 1.8620631694793701
[09/25 01:40:02] scale_m: 1.575468897819519
[09/25 01:40:02] Avg Train C2_Net_loss: 1.0439
[09/25 01:40:02] Avg Train Acc: 81.63
[09/25 01:40:02] Training...
[09/25 01:40:02] Learning rate: 0.0001
[09/25 01:40:02] scale_h: 1.8649705648422241
[09/25 01:40:02] scale_m: 1.5771939754486084
[09/25 01:40:02] Avg Train C2_Net_loss: 1.0476
[09/25 01:40:02] Avg Train Acc: 81.51
[09/25 01:40:02] Training...
[09/25 01:40:02] Learning rate: 0.0001
[09/25 01:40:02] scale_h: 1.8677899837493896
[09/25 01:40:02] scale_m: 1.5797085762023926
[09/25 01:40:02] Avg Train C2_Net_loss: 1.0459
[09/25 01:40:02] Avg Train Acc: 81.32
[09/25 01:40:02] Training...
[09/25 01:40:02] Learning rate: 0.0001
[09/25 01:40:02] scale_h: 1.8705095052719116
[09/25 01:40:02] scale_m: 1.582939624786377
[09/25 01:40:02] Avg Train C2_Net_loss: 0.9952
[09/25 01:40:02] Avg Train Acc: 82.30
[09/25 01:40:02] Training...
[09/25 01:40:02] Learning rate: 0.0001
[09/25 01:40:02] scale_h: 1.8742923736572266
[09/25 01:40:02] scale_m: 1.5867642164230347
[09/25 01:40:02] Avg Train C2_Net_loss: 1.0228
[09/25 01:40:02] Avg Train Acc: 81.37
[09/25 01:40:02] Training...
[09/25 01:40:02] Learning rate: 0.0001
[09/25 01:40:02] scale_h: 1.8750425577163696
[09/25 01:40:02] scale_m: 1.5880610942840576
[09/25 01:40:02] Avg Train C2_Net_loss: 1.0333
[09/25 01:40:02] Avg Train Acc: 81.67
[09/25 01:40:02] 
[09/25 01:40:02] epoch 110/150, iter 27500:
[09/25 01:40:02] 5-way-5-shot acc: 81.089	0.364
[09/25 01:40:02] BEST!
[09/25 01:40:02] Training...
[09/25 01:40:02] Learning rate: 1e-05
[09/25 01:40:02] scale_h: 1.8768229484558105
[09/25 01:40:02] scale_m: 1.589858889579773
[09/25 01:40:02] Avg Train C2_Net_loss: 1.0478
[09/25 01:40:02] Avg Train Acc: 81.37
[09/25 01:40:02] Training...
[09/25 01:40:02] Learning rate: 1e-05
[09/25 01:40:02] scale_h: 1.8770781755447388
[09/25 01:40:02] scale_m: 1.5901741981506348
[09/25 01:40:02] Avg Train C2_Net_loss: 0.9878
[09/25 01:40:02] Avg Train Acc: 82.28
[09/25 01:40:02] Training...
[09/25 01:40:02] Learning rate: 1e-05
[09/25 01:40:02] scale_h: 1.8775380849838257
[09/25 01:40:02] scale_m: 1.5906486511230469
[09/25 01:40:02] Avg Train C2_Net_loss: 1.0161
[09/25 01:40:02] Avg Train Acc: 81.96
[09/25 01:40:02] Training...
[09/25 01:40:02] Learning rate: 1e-05
[09/25 01:40:02] scale_h: 1.8776240348815918
[09/25 01:40:02] scale_m: 1.5910534858703613
[09/25 01:40:02] Avg Train C2_Net_loss: 1.0333
[09/25 01:40:02] Avg Train Acc: 81.27
[09/25 01:40:02] Training...
[09/25 01:40:02] Learning rate: 1e-05
[09/25 01:40:02] scale_h: 1.8777225017547607
[09/25 01:40:02] scale_m: 1.5911921262741089
[09/25 01:40:02] Avg Train C2_Net_loss: 0.9866
[09/25 01:40:02] Avg Train Acc: 82.19
[09/25 01:40:02] Training...
[09/25 01:40:02] Learning rate: 1e-05
[09/25 01:40:02] scale_h: 1.8779449462890625
[09/25 01:40:02] scale_m: 1.5916153192520142
[09/25 01:40:02] Avg Train C2_Net_loss: 0.9699
[09/25 01:40:02] Avg Train Acc: 82.67
[09/25 01:40:02] Training...
[09/25 01:40:02] Learning rate: 1e-05
[09/25 01:40:02] scale_h: 1.8785332441329956
[09/25 01:40:02] scale_m: 1.592093586921692
[09/25 01:40:02] Avg Train C2_Net_loss: 1.0106
[09/25 01:40:02] Avg Train Acc: 81.80
[09/25 01:40:02] Training...
[09/25 01:40:02] Learning rate: 1e-05
[09/25 01:40:02] scale_h: 1.8787754774093628
[09/25 01:40:02] scale_m: 1.5924854278564453
[09/25 01:40:02] Avg Train C2_Net_loss: 1.0274
[09/25 01:40:02] Avg Train Acc: 81.72
[09/25 01:40:02] Training...
[09/25 01:40:02] Learning rate: 1e-05
[09/25 01:40:02] scale_h: 1.878846287727356
[09/25 01:40:02] scale_m: 1.5926482677459717
[09/25 01:40:02] Avg Train C2_Net_loss: 1.0107
[09/25 01:40:02] Avg Train Acc: 81.84
[09/25 01:40:02] Training...
[09/25 01:40:02] Learning rate: 1e-05
[09/25 01:40:02] scale_h: 1.8790642023086548
[09/25 01:40:02] scale_m: 1.5928415060043335
[09/25 01:40:02] Avg Train C2_Net_loss: 1.0163
[09/25 01:40:02] Avg Train Acc: 81.78
[09/25 01:40:02] 
[09/25 01:40:02] epoch 120/150, iter 30000:
[09/25 01:40:02] 5-way-5-shot acc: 81.639	0.367
[09/25 01:40:02] BEST!
[09/25 01:40:02] Training...
[09/25 01:40:02] Learning rate: 1e-05
[09/25 01:40:02] scale_h: 1.8794293403625488
[09/25 01:40:02] scale_m: 1.5930843353271484
[09/25 01:40:02] Avg Train C2_Net_loss: 1.0244
[09/25 01:40:02] Avg Train Acc: 81.53
[09/25 01:40:02] Training...
[09/25 01:40:02] Learning rate: 1e-05
[09/25 01:40:02] scale_h: 1.8795886039733887
[09/25 01:40:02] scale_m: 1.5932295322418213
[09/25 01:40:02] Avg Train C2_Net_loss: 0.9939
[09/25 01:40:02] Avg Train Acc: 82.24
[09/25 01:40:02] Training...
[09/25 01:40:02] Learning rate: 1e-05
[09/25 01:40:02] scale_h: 1.8799679279327393
[09/25 01:40:02] scale_m: 1.5935218334197998
[09/25 01:40:02] Avg Train C2_Net_loss: 1.0141
[09/25 01:40:02] Avg Train Acc: 81.67
[09/25 01:40:02] Training...
[09/25 01:40:02] Learning rate: 1e-05
[09/25 01:40:02] scale_h: 1.8803250789642334
[09/25 01:40:02] scale_m: 1.593939185142517
[09/25 01:40:02] Avg Train C2_Net_loss: 1.0251
[09/25 01:40:02] Avg Train Acc: 81.88
[09/25 01:40:02] Training...
[09/25 01:40:02] Learning rate: 1e-05
[09/25 01:40:02] scale_h: 1.8806740045547485
[09/25 01:40:02] scale_m: 1.5941814184188843
[09/25 01:40:02] Avg Train C2_Net_loss: 1.0033
[09/25 01:40:02] Avg Train Acc: 82.07
[09/25 01:40:02] Training...
[09/25 01:40:02] Learning rate: 1e-05
[09/25 01:40:02] scale_h: 1.8809077739715576
[09/25 01:40:02] scale_m: 1.594287633895874
[09/25 01:40:02] Avg Train C2_Net_loss: 1.0001
[09/25 01:40:02] Avg Train Acc: 81.79
[09/25 01:40:02] Training...
[09/25 01:40:02] Learning rate: 1e-05
[09/25 01:40:02] scale_h: 1.8809534311294556
[09/25 01:40:02] scale_m: 1.594379186630249
[09/25 01:40:02] Avg Train C2_Net_loss: 1.0059
[09/25 01:40:02] Avg Train Acc: 82.10
[09/25 01:40:02] Training...
[09/25 01:40:02] Learning rate: 1e-05
[09/25 01:40:02] scale_h: 1.8813238143920898
[09/25 01:40:02] scale_m: 1.5947221517562866
[09/25 01:40:02] Avg Train C2_Net_loss: 1.0366
[09/25 01:40:02] Avg Train Acc: 81.59
[09/25 01:40:02] Training...
[09/25 01:40:02] Learning rate: 1e-05
[09/25 01:40:02] scale_h: 1.8814938068389893
[09/25 01:40:02] scale_m: 1.5949186086654663
[09/25 01:40:02] Avg Train C2_Net_loss: 1.0198
[09/25 01:40:02] Avg Train Acc: 81.74
[09/25 01:40:02] Training...
[09/25 01:40:02] Learning rate: 1e-05
[09/25 01:40:02] scale_h: 1.8816614151000977
[09/25 01:40:02] scale_m: 1.5952025651931763
[09/25 01:40:02] Avg Train C2_Net_loss: 1.0158
[09/25 01:40:02] Avg Train Acc: 81.56
[09/25 01:40:02] 
[09/25 01:40:02] epoch 130/150, iter 32500:
[09/25 01:40:02] 5-way-5-shot acc: 81.850	0.354
[09/25 01:40:02] BEST!
[09/25 01:40:02] Training...
[09/25 01:40:02] Learning rate: 1e-05
[09/25 01:40:02] scale_h: 1.8819632530212402
[09/25 01:40:02] scale_m: 1.5954943895339966
[09/25 01:40:02] Avg Train C2_Net_loss: 0.9666
[09/25 01:40:02] Avg Train Acc: 82.93
[09/25 01:40:02] Training...
[09/25 01:40:02] Learning rate: 1e-05
[09/25 01:40:02] scale_h: 1.88251793384552
[09/25 01:40:02] scale_m: 1.595954418182373
[09/25 01:40:02] Avg Train C2_Net_loss: 1.0000
[09/25 01:40:02] Avg Train Acc: 82.58
[09/25 01:40:02] Training...
[09/25 01:40:02] Learning rate: 1e-05
[09/25 01:40:02] scale_h: 1.882685661315918
[09/25 01:40:02] scale_m: 1.5962191820144653
[09/25 01:40:02] Avg Train C2_Net_loss: 0.9973
[09/25 01:40:02] Avg Train Acc: 81.99
[09/25 01:40:02] Training...
[09/25 01:40:02] Learning rate: 1e-05
[09/25 01:40:02] scale_h: 1.8829342126846313
[09/25 01:40:02] scale_m: 1.5963313579559326
[09/25 01:40:02] Avg Train C2_Net_loss: 1.0017
[09/25 01:40:02] Avg Train Acc: 82.03
[09/25 01:40:02] Training...
[09/25 01:40:02] Learning rate: 1e-05
[09/25 01:40:02] scale_h: 1.8832621574401855
[09/25 01:40:02] scale_m: 1.5965906381607056
[09/25 01:40:02] Avg Train C2_Net_loss: 0.9783
[09/25 01:40:02] Avg Train Acc: 82.69
[09/25 01:40:02] Training...
[09/25 01:40:02] Learning rate: 1e-05
[09/25 01:40:02] scale_h: 1.883643627166748
[09/25 01:40:02] scale_m: 1.5968875885009766
[09/25 01:40:02] Avg Train C2_Net_loss: 1.0262
[09/25 01:40:02] Avg Train Acc: 81.53
[09/25 01:40:02] Training...
[09/25 01:40:02] Learning rate: 1e-05
[09/25 01:40:02] scale_h: 1.8838651180267334
[09/25 01:40:02] scale_m: 1.5972154140472412
[09/25 01:40:02] Avg Train C2_Net_loss: 0.9777
[09/25 01:40:02] Avg Train Acc: 82.26
[09/25 01:40:02] Training...
[09/25 01:40:02] Learning rate: 1e-05
[09/25 01:40:02] scale_h: 1.8842123746871948
[09/25 01:40:02] scale_m: 1.5975701808929443
[09/25 01:40:02] Avg Train C2_Net_loss: 0.9754
[09/25 01:40:02] Avg Train Acc: 82.74
[09/25 01:40:02] Training...
[09/25 01:40:02] Learning rate: 1e-05
[09/25 01:40:02] scale_h: 1.884557843208313
[09/25 01:40:02] scale_m: 1.5979639291763306
[09/25 01:40:02] Avg Train C2_Net_loss: 0.9917
[09/25 01:40:02] Avg Train Acc: 82.21
[09/25 01:40:02] Training...
[09/25 01:40:02] Learning rate: 1e-05
[09/25 01:40:02] scale_h: 1.8848220109939575
[09/25 01:40:02] scale_m: 1.5982050895690918
[09/25 01:40:02] Avg Train C2_Net_loss: 1.0231
[09/25 01:40:02] Avg Train Acc: 81.51
[09/25 01:40:02] 
[09/25 01:40:02] epoch 140/150, iter 35000:
[09/25 01:40:02] 5-way-5-shot acc: 81.286	0.373
[09/25 01:40:02] Training...
[09/25 01:40:02] Learning rate: 1e-05
[09/25 01:40:02] scale_h: 1.8850762844085693
[09/25 01:40:02] scale_m: 1.5983092784881592
[09/25 01:40:02] Avg Train C2_Net_loss: 0.9918
[09/25 01:40:02] Avg Train Acc: 82.39
[09/25 01:40:02] Training...
[09/25 01:40:02] Learning rate: 1e-05
[09/25 01:40:02] scale_h: 1.8853702545166016
[09/25 01:40:02] scale_m: 1.5985690355300903
[09/25 01:40:02] Avg Train C2_Net_loss: 0.9774
[09/25 01:40:02] Avg Train Acc: 82.27
[09/25 01:40:02] Training...
[09/25 01:40:02] Learning rate: 1e-05
[09/25 01:40:02] scale_h: 1.8857587575912476
[09/25 01:40:02] scale_m: 1.5989552736282349
[09/25 01:40:02] Avg Train C2_Net_loss: 0.9727
[09/25 01:40:02] Avg Train Acc: 83.02
[09/25 01:40:02] Training...
[09/25 01:40:02] Learning rate: 1e-05
[09/25 01:40:02] scale_h: 1.8863121271133423
[09/25 01:40:02] scale_m: 1.5994867086410522
[09/25 01:40:02] Avg Train C2_Net_loss: 0.9553
[09/25 01:40:02] Avg Train Acc: 82.84
[09/25 01:40:02] Training...
[09/25 01:40:02] Learning rate: 1e-05
[09/25 01:40:02] scale_h: 1.8868507146835327
[09/25 01:40:02] scale_m: 1.599888563156128
[09/25 01:40:02] Avg Train C2_Net_loss: 1.0040
[09/25 01:40:02] Avg Train Acc: 81.87
[09/25 01:40:02] Training...
[09/25 01:40:02] Learning rate: 1e-05
[09/25 01:40:02] scale_h: 1.8870183229446411
[09/25 01:40:02] scale_m: 1.6000230312347412
[09/25 01:40:02] Avg Train C2_Net_loss: 1.0098
[09/25 01:40:02] Avg Train Acc: 81.93
[09/25 01:40:02] Training...
[09/25 01:40:02] Learning rate: 1e-05
[09/25 01:40:02] scale_h: 1.8870775699615479
[09/25 01:40:02] scale_m: 1.6000142097473145
[09/25 01:40:02] Avg Train C2_Net_loss: 1.0132
[09/25 01:40:02] Avg Train Acc: 82.11
[09/25 01:40:02] Training...
[09/25 01:40:02] Learning rate: 1e-05
[09/25 01:40:02] scale_h: 1.887372612953186
[09/25 01:40:02] scale_m: 1.6002367734909058
[09/25 01:40:02] Avg Train C2_Net_loss: 0.9870
[09/25 01:40:02] Avg Train Acc: 82.30
[09/25 01:40:02] Training...
[09/25 01:40:02] Learning rate: 1e-05
[09/25 01:40:02] scale_h: 1.8877259492874146
[09/25 01:40:02] scale_m: 1.6006516218185425
[09/25 01:40:02] Avg Train C2_Net_loss: 1.0395
[09/25 01:40:02] Avg Train Acc: 81.37
[09/25 01:40:02] Training...
[09/25 01:40:02] Learning rate: 1e-05
[09/25 01:40:02] scale_h: 1.8877533674240112
[09/25 01:40:02] scale_m: 1.6007633209228516
[09/25 01:40:02] Avg Train C2_Net_loss: 1.0193
[09/25 01:40:02] Avg Train Acc: 81.49
[09/25 01:40:02] 
[09/25 01:40:02] epoch 150/150, iter 37500:
[09/25 01:40:02] 5-way-5-shot acc: 81.416	0.367
[09/25 01:40:02] training finished!
[09/25 01:40:02] ------------------------
[09/25 01:40:02] the best epoch is 130/150
[09/25 01:40:02] the best 5-way 5-shot val acc is 81.850
[09/25 01:40:02] ------------------------
[09/25 01:40:02] evaluating on test set:
[09/25 01:40:02] 5-way-5-shot acc: 57.787	0.246
[09/25 01:40:02] --------------------------
[09/25 01:40:02] display all the hyper-parameters in args:
[09/25 01:40:02] opt: adam
[09/25 01:40:02] lr: 0.001
[09/25 01:40:02] gamma: 0.1
[09/25 01:40:02] epoch: 150
[09/25 01:40:02] weight_decay: 0.0005
[09/25 01:40:02] gpu: 1
[09/25 01:40:02] seed: 42
[09/25 01:40:02] val_epoch: 10
[09/25 01:40:02] resnet: False
[09/25 01:40:02] nesterov: True
[09/25 01:40:02] pre: False
[09/25 01:40:02] no_val: False
[09/25 01:40:02] train_way: 5
[09/25 01:40:02] test_way: 5
[09/25 01:40:02] train_shot: 5
[09/25 01:40:02] test_shot: 5
[09/25 01:40:02] train_query_shot: 15
[09/25 01:40:02] test_query_shot: 15
[09/25 01:40:02] val_trial: 2000
[09/25 01:40:02] detailed_name: True
[09/25 01:40:02] dataset: sketchy
[09/25 01:40:02] alpha: 0.5
[09/25 01:40:02] model: C2_Net
[09/25 01:40:02] resume: True
[09/25 01:40:02] resume_epoch: 0
[09/25 01:40:02] save_folder: /home/zhengwei/github/C2-Net/experiments/Sketchy/C2_Net/Conv-4_5-shot
[09/25 01:40:02] ------------------------
[09/25 01:40:02] --------------------------
[09/25 01:40:02] display all the hyper-parameters in args:
[09/25 01:40:02] opt: adam
[09/25 01:40:02] lr: 0.001
[09/25 01:40:02] gamma: 0.1
[09/25 01:40:02] epoch: 150
[09/25 01:40:02] weight_decay: 0.0005
[09/25 01:40:02] gpu: 1
[09/25 01:40:02] seed: 42
[09/25 01:40:02] val_epoch: 10
[09/25 01:40:02] resnet: False
[09/25 01:40:02] nesterov: True
[09/25 01:40:02] pre: False
[09/25 01:40:02] no_val: False
[09/25 01:40:02] train_way: 5
[09/25 01:40:02] test_way: 5
[09/25 01:40:02] train_shot: 5
[09/25 01:40:02] test_shot: 5
[09/25 01:40:02] train_query_shot: 15
[09/25 01:40:02] test_query_shot: 15
[09/25 01:40:02] val_trial: 2000
[09/25 01:40:02] detailed_name: True
[09/25 01:40:02] dataset: sketchy
[09/25 01:40:02] alpha: 0.5
[09/25 01:40:02] model: C2_Net
[09/25 01:40:02] resume: True
[09/25 01:40:02] resume_epoch: 0
[09/25 01:40:02] save_folder: /home/zhengwei/github/C2-Net/experiments/Sketchy/C2_Net/Conv-4_5-shot
[09/25 01:40:02] ------------------------
[09/25 01:40:02] ------------------------
[09/25 01:40:02] evaluating on test set:
[09/25 01:46:38] 5-way-5-shot acc: 41.969	0.328
