[09/24 06:23:55] display resume information
[09/24 06:23:55] display resume information
[09/24 06:23:55] display resume information
[09/24 06:23:55] display resume information
[09/24 06:23:55] display resume information
[09/24 06:23:55] display resume information
[09/24 06:23:55] display resume information
[09/24 06:23:55] display resume information
[09/24 06:23:55] display all the hyper-parameters in args:
[09/24 06:23:55] opt: sgd
[09/24 06:23:55] lr: 0.1
[09/24 06:23:55] gamma: 0.1
[09/24 06:23:55] epoch: 150
[09/24 06:23:55] weight_decay: 0.0005
[09/24 06:23:55] gpu: 1
[09/24 06:23:55] seed: 42
[09/24 06:23:55] val_epoch: 10
[09/24 06:23:55] resnet: False
[09/24 06:23:55] nesterov: True
[09/24 06:23:55] pre: False
[09/24 06:23:55] no_val: False
[09/24 06:23:55] train_way: 5
[09/24 06:23:55] test_way: 5
[09/24 06:23:55] train_shot: 1
[09/24 06:23:55] test_shot: [1]
[09/24 06:23:55] train_query_shot: 15
[09/24 06:23:55] test_query_shot: 15
[09/24 06:23:55] val_trial: 2000
[09/24 06:23:55] detailed_name: False
[09/24 06:23:55] dataset: sketchy
[09/24 06:23:55] alpha: 0.5
[09/24 06:23:55] model: C2_Net
[09/24 06:23:55] resume: False
[09/24 06:23:55] resume_epoch: 0
[09/24 06:23:55] save_folder: /home/zhengwei/github/C2-Net/experiments/Sketchy/C2_Net/Conv-4_1-shot
[09/24 06:23:55] ------------------------
[09/24 06:23:55] start training!
[09/24 06:23:55] Training...
[09/24 06:23:55] Learning rate: 0.1
[09/24 06:23:55] scale_h: 1.0
[09/24 06:23:55] scale_m: 1.0
[09/24 06:23:55] Avg Train C2_Net_loss: 3.2719
[09/24 06:23:55] Avg Train Acc: 20.05
[09/24 06:23:55] Training...
[09/24 06:23:55] Learning rate: 0.1
[09/24 06:23:55] scale_h: 0.06075853854417801
[09/24 06:23:55] scale_m: 0.3550769090652466
[09/24 06:23:55] Avg Train C2_Net_loss: 3.2189
[09/24 06:23:55] Avg Train Acc: 20.12
[09/24 06:23:55] Training...
[09/24 06:23:55] Learning rate: 0.1
[09/24 06:23:55] scale_h: 0.1137436181306839
[09/24 06:23:55] scale_m: 0.22266815602779388
[09/24 06:23:55] Avg Train C2_Net_loss: 3.2188
[09/24 06:23:55] Avg Train Acc: 20.47
[09/24 06:23:55] Training...
[09/24 06:23:55] Learning rate: 0.1
[09/24 06:23:55] scale_h: 0.2194783091545105
[09/24 06:23:55] scale_m: 0.16463693976402283
[09/24 06:23:55] Avg Train C2_Net_loss: 3.2184
[09/24 06:23:55] Avg Train Acc: 20.74
[09/24 06:23:55] Training...
[09/24 06:23:55] Learning rate: 0.1
[09/24 06:23:55] scale_h: 0.4037114977836609
[09/24 06:23:55] scale_m: 0.13193315267562866
[09/24 06:23:55] Avg Train C2_Net_loss: 3.2180
[09/24 06:23:55] Avg Train Acc: 21.43
[09/24 06:23:55] Training...
[09/24 06:23:55] Learning rate: 0.1
[09/24 06:23:55] scale_h: 0.5295014381408691
[09/24 06:23:55] scale_m: 0.11209812015295029
[09/24 06:23:55] Avg Train C2_Net_loss: 3.2107
[09/24 06:23:55] Avg Train Acc: 22.80
[09/24 06:23:55] Training...
[09/24 06:23:55] Learning rate: 0.1
[09/24 06:23:55] scale_h: 0.6973544359207153
[09/24 06:23:55] scale_m: 0.0984640046954155
[09/24 06:23:55] Avg Train C2_Net_loss: 3.1955
[09/24 06:23:55] Avg Train Acc: 25.33
[09/24 06:23:55] Training...
[09/24 06:23:55] Learning rate: 0.1
[09/24 06:23:55] scale_h: 0.6555987596511841
[09/24 06:23:55] scale_m: 0.13825266063213348
[09/24 06:23:55] Avg Train C2_Net_loss: 3.1521
[09/24 06:23:55] Avg Train Acc: 29.17
[09/24 06:23:55] Training...
[09/24 06:23:55] Learning rate: 0.1
[09/24 06:23:55] scale_h: 1.0040037631988525
[09/24 06:23:55] scale_m: 0.8700510859489441
[09/24 06:23:55] Avg Train C2_Net_loss: 3.1011
[09/24 06:23:55] Avg Train Acc: 30.23
[09/24 06:23:55] Training...
[09/24 06:23:55] Learning rate: 0.1
[09/24 06:23:55] scale_h: 1.1428108215332031
[09/24 06:23:55] scale_m: 1.0952907800674438
[09/24 06:23:55] Avg Train C2_Net_loss: 3.0766
[09/24 06:23:55] Avg Train Acc: 32.35
[09/24 06:23:55] 
[09/24 06:23:55] epoch 10/150, iter 2500:
[09/24 06:23:55] 5-way-1-shot acc: 30.865	0.402
[09/24 06:23:55] BEST!
[09/24 06:23:55] Training...
[09/24 06:23:55] Learning rate: 0.1
[09/24 06:23:55] scale_h: 1.2935620546340942
[09/24 06:23:55] scale_m: 1.14557683467865
[09/24 06:23:55] Avg Train C2_Net_loss: 3.0742
[09/24 06:23:55] Avg Train Acc: 32.12
[09/24 06:23:55] Training...
[09/24 06:23:55] Learning rate: 0.1
[09/24 06:23:55] scale_h: 1.163628339767456
[09/24 06:23:55] scale_m: 1.0907102823257446
[09/24 06:23:55] Avg Train C2_Net_loss: 3.0547
[09/24 06:23:55] Avg Train Acc: 32.63
[09/24 06:23:55] Training...
[09/24 06:23:55] Learning rate: 0.1
[09/24 06:23:55] scale_h: 0.8133540749549866
[09/24 06:23:55] scale_m: 0.7841070890426636
[09/24 06:23:55] Avg Train C2_Net_loss: 3.0630
[09/24 06:23:55] Avg Train Acc: 32.43
[09/24 06:23:55] Training...
[09/24 06:23:55] Learning rate: 0.1
[09/24 06:23:55] scale_h: 0.968971312046051
[09/24 06:23:55] scale_m: 0.9909103512763977
[09/24 06:23:55] Avg Train C2_Net_loss: 3.0774
[09/24 06:23:55] Avg Train Acc: 32.28
[09/24 06:23:55] Training...
[09/24 06:23:55] Learning rate: 0.1
[09/24 06:23:55] scale_h: 1.2842681407928467
[09/24 06:23:55] scale_m: 1.2616393566131592
[09/24 06:23:55] Avg Train C2_Net_loss: 3.0315
[09/24 06:23:55] Avg Train Acc: 33.62
[09/24 06:23:55] Training...
[09/24 06:23:55] Learning rate: 0.1
[09/24 06:23:55] scale_h: 1.4926327466964722
[09/24 06:23:55] scale_m: 1.426730990409851
[09/24 06:23:55] Avg Train C2_Net_loss: 2.9889
[09/24 06:23:55] Avg Train Acc: 35.10
[09/24 06:23:55] Training...
[09/24 06:23:55] Learning rate: 0.1
[09/24 06:23:55] scale_h: 1.4590373039245605
[09/24 06:23:55] scale_m: 1.4362307786941528
[09/24 06:23:55] Avg Train C2_Net_loss: 2.9931
[09/24 06:23:55] Avg Train Acc: 34.95
[09/24 06:23:55] Training...
[09/24 06:23:55] Learning rate: 0.1
[09/24 06:23:55] scale_h: 1.4926074743270874
[09/24 06:23:55] scale_m: 1.4081870317459106
[09/24 06:23:55] Avg Train C2_Net_loss: 3.0529
[09/24 06:23:55] Avg Train Acc: 32.89
[09/24 06:23:55] Training...
[09/24 06:23:55] Learning rate: 0.1
[09/24 06:23:55] scale_h: 1.0627135038375854
[09/24 06:23:55] scale_m: 1.276466727256775
[09/24 06:23:55] Avg Train C2_Net_loss: 3.0117
[09/24 06:23:55] Avg Train Acc: 34.55
[09/24 06:23:55] Training...
[09/24 06:23:55] Learning rate: 0.1
[09/24 06:23:55] scale_h: 1.2341910600662231
[09/24 06:23:55] scale_m: 1.23296058177948
[09/24 06:23:55] Avg Train C2_Net_loss: 3.0336
[09/24 06:23:55] Avg Train Acc: 33.36
[09/24 06:23:55] 
[09/24 06:23:55] epoch 20/150, iter 5000:
[09/24 06:23:55] 5-way-1-shot acc: 33.067	0.399
[09/24 06:23:55] BEST!
[09/24 06:23:55] Training...
[09/24 06:23:55] Learning rate: 0.1
[09/24 06:23:55] scale_h: 1.4705170392990112
[09/24 06:23:55] scale_m: 1.4730722904205322
[09/24 06:23:55] Avg Train C2_Net_loss: 3.0465
[09/24 06:23:55] Avg Train Acc: 32.66
[09/24 06:23:55] Training...
[09/24 06:23:55] Learning rate: 0.1
[09/24 06:23:55] scale_h: 1.355567455291748
[09/24 06:23:55] scale_m: 1.3247932195663452
[09/24 06:23:55] Avg Train C2_Net_loss: 3.0247
[09/24 06:23:55] Avg Train Acc: 33.75
[09/24 06:23:55] Training...
[09/24 06:23:55] Learning rate: 0.1
[09/24 06:23:55] scale_h: 1.4343560934066772
[09/24 06:23:55] scale_m: 1.3254445791244507
[09/24 06:23:55] Avg Train C2_Net_loss: 3.0077
[09/24 06:23:55] Avg Train Acc: 34.50
[09/24 06:23:55] Training...
[09/24 06:23:55] Learning rate: 0.1
[09/24 06:23:55] scale_h: 1.3264104127883911
[09/24 06:23:55] scale_m: 1.3955806493759155
[09/24 06:23:55] Avg Train C2_Net_loss: 3.0097
[09/24 06:23:55] Avg Train Acc: 35.39
[09/24 06:23:55] Training...
[09/24 06:23:55] Learning rate: 0.1
[09/24 06:23:55] scale_h: 1.4630770683288574
[09/24 06:23:55] scale_m: 1.3507664203643799
[09/24 06:23:55] Avg Train C2_Net_loss: 3.0000
[09/24 06:23:55] Avg Train Acc: 34.97
[09/24 06:23:55] Training...
[09/24 06:23:55] Learning rate: 0.1
[09/24 06:23:55] scale_h: 1.1318258047103882
[09/24 06:23:55] scale_m: 1.0757983922958374
[09/24 06:23:55] Avg Train C2_Net_loss: 2.9664
[09/24 06:23:55] Avg Train Acc: 36.26
[09/24 06:23:55] Training...
[09/24 06:23:55] Learning rate: 0.1
[09/24 06:23:55] scale_h: 1.6324878931045532
[09/24 06:23:55] scale_m: 1.4391789436340332
[09/24 06:23:55] Avg Train C2_Net_loss: 2.9973
[09/24 06:23:55] Avg Train Acc: 34.91
[09/24 06:23:55] Training...
[09/24 06:23:55] Learning rate: 0.1
[09/24 06:23:55] scale_h: 1.179071307182312
[09/24 06:23:55] scale_m: 1.2250092029571533
[09/24 06:23:55] Avg Train C2_Net_loss: 3.0436
[09/24 06:23:55] Avg Train Acc: 33.44
[09/24 06:23:55] Training...
[09/24 06:23:55] Learning rate: 0.1
[09/24 06:23:55] scale_h: 1.2783396244049072
[09/24 06:23:55] scale_m: 1.410545825958252
[09/24 06:23:55] Avg Train C2_Net_loss: 2.9734
[09/24 06:23:55] Avg Train Acc: 35.32
[09/24 06:23:55] Training...
[09/24 06:23:55] Learning rate: 0.1
[09/24 06:23:55] scale_h: 1.5490750074386597
[09/24 06:23:55] scale_m: 1.65414297580719
[09/24 06:23:55] Avg Train C2_Net_loss: 2.9952
[09/24 06:23:55] Avg Train Acc: 35.66
[09/24 06:23:55] 
[09/24 06:23:55] epoch 30/150, iter 7500:
[09/24 06:23:55] 5-way-1-shot acc: 34.698	0.419
[09/24 06:23:55] BEST!
[09/24 06:23:55] Training...
[09/24 06:23:55] Learning rate: 0.1
[09/24 06:23:55] scale_h: 1.12666654586792
[09/24 06:23:55] scale_m: 1.1186946630477905
[09/24 06:23:55] Avg Train C2_Net_loss: 3.0033
[09/24 06:23:55] Avg Train Acc: 34.86
[09/24 06:23:55] Training...
[09/24 06:23:55] Learning rate: 0.1
[09/24 06:23:55] scale_h: 1.5949357748031616
[09/24 06:23:55] scale_m: 1.6274363994598389
[09/24 06:23:55] Avg Train C2_Net_loss: 2.9900
[09/24 06:23:55] Avg Train Acc: 34.98
[09/24 06:23:55] Training...
[09/24 06:23:55] Learning rate: 0.1
[09/24 06:23:55] scale_h: 1.3042609691619873
[09/24 06:23:55] scale_m: 1.214461326599121
[09/24 06:23:55] Avg Train C2_Net_loss: 3.0093
[09/24 06:23:55] Avg Train Acc: 34.71
[09/24 06:23:55] Training...
[09/24 06:23:55] Learning rate: 0.1
[09/24 06:23:55] scale_h: 1.432533860206604
[09/24 06:23:55] scale_m: 1.4038101434707642
[09/24 06:23:55] Avg Train C2_Net_loss: 2.9875
[09/24 06:23:55] Avg Train Acc: 35.87
[09/24 06:23:55] Training...
[09/24 06:23:55] Learning rate: 0.1
[09/24 06:23:55] scale_h: 1.4040089845657349
[09/24 06:23:55] scale_m: 1.3544808626174927
[09/24 06:23:55] Avg Train C2_Net_loss: 2.9775
[09/24 06:23:55] Avg Train Acc: 36.18
[09/24 06:23:55] Training...
[09/24 06:23:55] Learning rate: 0.1
[09/24 06:23:55] scale_h: 1.436208724975586
[09/24 06:23:55] scale_m: 1.543164849281311
[09/24 06:23:55] Avg Train C2_Net_loss: 3.0364
[09/24 06:23:55] Avg Train Acc: 33.47
[09/24 06:23:55] Training...
[09/24 06:23:55] Learning rate: 0.1
[09/24 06:23:55] scale_h: 1.379489779472351
[09/24 06:23:55] scale_m: 1.2714998722076416
[09/24 06:23:55] Avg Train C2_Net_loss: 3.0040
[09/24 06:23:55] Avg Train Acc: 34.54
[09/24 06:23:55] Training...
[09/24 06:23:55] Learning rate: 0.1
[09/24 06:23:55] scale_h: 1.3532359600067139
[09/24 06:23:55] scale_m: 1.3251168727874756
[09/24 06:23:55] Avg Train C2_Net_loss: 3.0228
[09/24 06:23:55] Avg Train Acc: 34.29
[09/24 06:23:55] Training...
[09/24 06:23:55] Learning rate: 0.1
[09/24 06:23:55] scale_h: 1.446733832359314
[09/24 06:23:55] scale_m: 1.4122105836868286
[09/24 06:23:55] Avg Train C2_Net_loss: 3.0450
[09/24 06:23:55] Avg Train Acc: 34.11
[09/24 06:23:55] Training...
[09/24 06:23:55] Learning rate: 0.1
[09/24 06:23:55] scale_h: 1.510050654411316
[09/24 06:23:55] scale_m: 1.5266722440719604
[09/24 06:23:55] Avg Train C2_Net_loss: 3.0162
[09/24 06:23:55] Avg Train Acc: 34.17
[09/24 06:23:55] 
[09/24 06:23:55] epoch 40/150, iter 10000:
[09/24 06:23:55] 5-way-1-shot acc: 35.119	0.422
[09/24 06:23:55] BEST!
[09/24 06:23:55] Training...
[09/24 06:23:55] Learning rate: 0.1
[09/24 06:23:55] scale_h: 1.4078704118728638
[09/24 06:23:55] scale_m: 1.417444109916687
[09/24 06:23:55] Avg Train C2_Net_loss: 2.9723
[09/24 06:23:55] Avg Train Acc: 36.30
[09/24 06:23:55] Training...
[09/24 06:23:55] Learning rate: 0.1
[09/24 06:23:55] scale_h: 1.4774692058563232
[09/24 06:23:55] scale_m: 1.2995178699493408
[09/24 06:23:55] Avg Train C2_Net_loss: 3.0219
[09/24 06:23:55] Avg Train Acc: 34.48
[09/24 06:23:55] Training...
[09/24 06:23:55] Learning rate: 0.1
[09/24 06:23:55] scale_h: 1.3121017217636108
[09/24 06:23:55] scale_m: 1.357283353805542
[09/24 06:23:55] Avg Train C2_Net_loss: 2.9904
[09/24 06:23:55] Avg Train Acc: 35.22
[09/24 06:23:55] Training...
[09/24 06:23:55] Learning rate: 0.1
[09/24 06:23:55] scale_h: 1.478094458580017
[09/24 06:23:55] scale_m: 1.3113521337509155
[09/24 06:23:55] Avg Train C2_Net_loss: 2.9725
[09/24 06:23:55] Avg Train Acc: 35.03
[09/24 06:23:55] Training...
[09/24 06:23:55] Learning rate: 0.1
[09/24 06:23:55] scale_h: 1.4585769176483154
[09/24 06:23:55] scale_m: 1.3520286083221436
[09/24 06:23:55] Avg Train C2_Net_loss: 2.9901
[09/24 06:23:55] Avg Train Acc: 34.77
[09/24 06:23:55] Training...
[09/24 06:23:55] Learning rate: 0.1
[09/24 06:23:55] scale_h: 1.2957252264022827
[09/24 06:23:55] scale_m: 1.442690134048462
[09/24 06:23:55] Avg Train C2_Net_loss: 2.9808
[09/24 06:23:55] Avg Train Acc: 36.13
[09/24 06:23:55] Training...
[09/24 06:23:55] Learning rate: 0.1
[09/24 06:23:55] scale_h: 1.1475294828414917
[09/24 06:23:55] scale_m: 1.2473742961883545
[09/24 06:23:55] Avg Train C2_Net_loss: 3.0147
[09/24 06:23:55] Avg Train Acc: 34.58
[09/24 06:23:55] Training...
[09/24 06:23:55] Learning rate: 0.1
[09/24 06:23:55] scale_h: 1.3161447048187256
[09/24 06:23:55] scale_m: 1.2847026586532593
[09/24 06:23:55] Avg Train C2_Net_loss: 2.9911
[09/24 06:23:55] Avg Train Acc: 35.52
[09/24 06:23:55] Training...
[09/24 06:23:55] Learning rate: 0.1
[09/24 06:23:55] scale_h: 1.2989411354064941
[09/24 06:23:55] scale_m: 1.2339786291122437
[09/24 06:23:55] Avg Train C2_Net_loss: 2.9621
[09/24 06:23:55] Avg Train Acc: 36.89
[09/24 06:23:55] Training...
[09/24 06:23:55] Learning rate: 0.1
[09/24 06:23:55] scale_h: 1.4645936489105225
[09/24 06:23:55] scale_m: 1.3310726881027222
[09/24 06:23:55] Avg Train C2_Net_loss: 3.0027
[09/24 06:23:55] Avg Train Acc: 34.93
[09/24 06:23:55] 
[09/24 06:23:55] epoch 50/150, iter 12500:
[09/24 06:23:55] 5-way-1-shot acc: 36.259	0.408
[09/24 06:23:55] BEST!
[09/24 06:23:55] Training...
[09/24 06:23:55] Learning rate: 0.1
[09/24 06:23:55] scale_h: 1.572846531867981
[09/24 06:23:55] scale_m: 1.4502854347229004
[09/24 06:23:55] Avg Train C2_Net_loss: 2.9661
[09/24 06:23:55] Avg Train Acc: 36.52
[09/24 06:23:55] Training...
[09/24 06:23:55] Learning rate: 0.1
[09/24 06:23:55] scale_h: 1.6007250547409058
[09/24 06:23:55] scale_m: 1.6202203035354614
[09/24 06:23:55] Avg Train C2_Net_loss: 2.9565
[09/24 06:23:55] Avg Train Acc: 37.33
[09/24 06:23:55] Training...
[09/24 06:23:55] Learning rate: 0.1
[09/24 06:23:55] scale_h: 1.4771695137023926
[09/24 06:23:55] scale_m: 1.3628472089767456
[09/24 06:23:55] Avg Train C2_Net_loss: 2.9626
[09/24 06:23:55] Avg Train Acc: 36.10
[09/24 06:23:55] Training...
[09/24 06:23:55] Learning rate: 0.1
[09/24 06:23:55] scale_h: 1.6605162620544434
[09/24 06:23:55] scale_m: 1.592392086982727
[09/24 06:23:55] Avg Train C2_Net_loss: 2.9633
[09/24 06:23:55] Avg Train Acc: 36.74
[09/24 06:23:55] Training...
[09/24 06:23:55] Learning rate: 0.1
[09/24 06:23:55] scale_h: 1.4182792901992798
[09/24 06:23:55] scale_m: 1.2457351684570312
[09/24 06:23:55] Avg Train C2_Net_loss: 2.9838
[09/24 06:23:55] Avg Train Acc: 35.23
[09/24 06:23:55] Training...
[09/24 06:23:55] Learning rate: 0.1
[09/24 06:23:55] scale_h: 1.2887001037597656
[09/24 06:23:55] scale_m: 1.262016773223877
[09/24 06:23:55] Avg Train C2_Net_loss: 2.9606
[09/24 06:23:55] Avg Train Acc: 36.97
[09/24 06:23:55] Training...
[09/24 06:23:55] Learning rate: 0.1
[09/24 06:23:55] scale_h: 1.3397972583770752
[09/24 06:23:55] scale_m: 1.1576670408248901
[09/24 06:23:55] Avg Train C2_Net_loss: 2.9472
[09/24 06:23:55] Avg Train Acc: 37.07
[09/24 06:23:55] Training...
[09/24 06:23:55] Learning rate: 0.1
[09/24 06:23:55] scale_h: 1.7966591119766235
[09/24 06:23:55] scale_m: 1.5956064462661743
[09/24 06:23:55] Avg Train C2_Net_loss: 2.9600
[09/24 06:23:55] Avg Train Acc: 36.36
[09/24 06:23:55] Training...
[09/24 06:23:55] Learning rate: 0.1
[09/24 06:23:55] scale_h: 1.680880069732666
[09/24 06:23:55] scale_m: 1.5455129146575928
[09/24 06:23:55] Avg Train C2_Net_loss: 2.9930
[09/24 06:23:55] Avg Train Acc: 35.50
[09/24 06:23:55] Training...
[09/24 06:23:55] Learning rate: 0.1
[09/24 06:23:55] scale_h: 1.4288355112075806
[09/24 06:23:55] scale_m: 1.4155598878860474
[09/24 06:23:55] Avg Train C2_Net_loss: 2.9539
[09/24 06:23:55] Avg Train Acc: 37.08
[09/24 06:23:55] 
[09/24 06:23:55] epoch 60/150, iter 15000:
[09/24 06:23:55] 5-way-1-shot acc: 36.986	0.427
[09/24 06:23:55] BEST!
[09/24 06:23:55] Training...
[09/24 06:23:55] Learning rate: 0.1
[09/24 06:23:55] scale_h: 1.3966708183288574
[09/24 06:23:55] scale_m: 1.4008357524871826
[09/24 06:23:55] Avg Train C2_Net_loss: 2.9438
[09/24 06:23:55] Avg Train Acc: 37.58
[09/24 06:23:55] Training...
[09/24 06:23:55] Learning rate: 0.1
[09/24 06:23:55] scale_h: 1.4365397691726685
[09/24 06:23:55] scale_m: 1.5203068256378174
[09/24 06:23:55] Avg Train C2_Net_loss: 2.9786
[09/24 06:23:55] Avg Train Acc: 35.70
[09/24 06:23:55] Training...
[09/24 06:23:55] Learning rate: 0.1
[09/24 06:23:55] scale_h: 1.5019676685333252
[09/24 06:23:55] scale_m: 1.3790762424468994
[09/24 06:23:55] Avg Train C2_Net_loss: 2.9494
[09/24 06:23:55] Avg Train Acc: 37.15
[09/24 06:23:55] Training...
[09/24 06:23:55] Learning rate: 0.1
[09/24 06:23:55] scale_h: 1.5582828521728516
[09/24 06:23:55] scale_m: 1.4751194715499878
[09/24 06:23:55] Avg Train C2_Net_loss: 2.9387
[09/24 06:23:55] Avg Train Acc: 37.03
[09/24 06:23:55] Training...
[09/24 06:23:55] Learning rate: 0.1
[09/24 06:23:55] scale_h: 1.5283914804458618
[09/24 06:23:55] scale_m: 1.571776270866394
[09/24 06:23:55] Avg Train C2_Net_loss: 2.9364
[09/24 06:23:55] Avg Train Acc: 37.18
[09/24 06:23:55] Training...
[09/24 06:23:55] Learning rate: 0.1
[09/24 06:23:55] scale_h: 1.203249454498291
[09/24 06:23:55] scale_m: 1.351296305656433
[09/24 06:23:55] Avg Train C2_Net_loss: 2.9503
[09/24 06:23:55] Avg Train Acc: 36.56
[09/24 06:23:55] Training...
[09/24 06:23:55] Learning rate: 0.1
[09/24 06:23:55] scale_h: 1.5996063947677612
[09/24 06:23:55] scale_m: 1.621143102645874
[09/24 06:23:55] Avg Train C2_Net_loss: 2.9764
[09/24 06:23:55] Avg Train Acc: 36.07
[09/24 06:23:55] Training...
[09/24 06:23:55] Learning rate: 0.1
[09/24 06:23:55] scale_h: 1.7034411430358887
[09/24 06:23:55] scale_m: 1.6397119760513306
[09/24 06:23:55] Avg Train C2_Net_loss: 2.9107
[09/24 06:23:55] Avg Train Acc: 38.04
[09/24 06:23:55] Training...
[09/24 06:23:55] Learning rate: 0.1
[09/24 06:23:55] scale_h: 1.4453529119491577
[09/24 06:23:55] scale_m: 1.315833568572998
[09/24 06:23:55] Avg Train C2_Net_loss: 2.9440
[09/24 06:23:55] Avg Train Acc: 36.98
[09/24 06:23:55] Training...
[09/24 06:23:55] Learning rate: 0.1
[09/24 06:23:55] scale_h: 1.4534863233566284
[09/24 06:23:55] scale_m: 1.4405317306518555
[09/24 06:23:55] Avg Train C2_Net_loss: 2.9529
[09/24 06:23:55] Avg Train Acc: 36.67
[09/24 06:23:55] 
[09/24 06:23:55] epoch 70/150, iter 17500:
[09/24 06:23:55] 5-way-1-shot acc: 36.187	0.426
[09/24 06:23:55] Training...
[09/24 06:23:55] Learning rate: 0.010000000000000002
[09/24 06:23:55] scale_h: 1.5907537937164307
[09/24 06:23:55] scale_m: 1.5910422801971436
[09/24 06:23:55] Avg Train C2_Net_loss: 2.8433
[09/24 06:23:55] Avg Train Acc: 40.17
[09/24 06:23:55] Training...
[09/24 06:23:55] Learning rate: 0.010000000000000002
[09/24 06:23:55] scale_h: 1.6481345891952515
[09/24 06:23:55] scale_m: 1.646360158920288
[09/24 06:23:55] Avg Train C2_Net_loss: 2.7770
[09/24 06:23:55] Avg Train Acc: 42.30
[09/24 06:23:55] Training...
[09/24 06:23:55] Learning rate: 0.010000000000000002
[09/24 06:23:55] scale_h: 1.7786046266555786
[09/24 06:23:55] scale_m: 1.7347822189331055
[09/24 06:23:55] Avg Train C2_Net_loss: 2.7893
[09/24 06:23:55] Avg Train Acc: 41.37
[09/24 06:23:55] Training...
[09/24 06:23:55] Learning rate: 0.010000000000000002
[09/24 06:23:55] scale_h: 1.777198076248169
[09/24 06:23:55] scale_m: 1.7367422580718994
[09/24 06:23:55] Avg Train C2_Net_loss: 2.7699
[09/24 06:23:55] Avg Train Acc: 42.65
[09/24 06:23:55] Training...
[09/24 06:23:55] Learning rate: 0.010000000000000002
[09/24 06:23:55] scale_h: 1.7621787786483765
[09/24 06:23:55] scale_m: 1.7278985977172852
[09/24 06:23:55] Avg Train C2_Net_loss: 2.7537
[09/24 06:23:55] Avg Train Acc: 43.08
[09/24 06:23:55] Training...
[09/24 06:23:55] Learning rate: 0.010000000000000002
[09/24 06:23:55] scale_h: 1.8355085849761963
[09/24 06:23:55] scale_m: 1.773695468902588
[09/24 06:23:55] Avg Train C2_Net_loss: 2.7394
[09/24 06:23:55] Avg Train Acc: 43.61
[09/24 06:23:55] Training...
[09/24 06:23:55] Learning rate: 0.010000000000000002
[09/24 06:23:55] scale_h: 1.871705412864685
[09/24 06:23:55] scale_m: 1.840956687927246
[09/24 06:23:55] Avg Train C2_Net_loss: 2.7336
[09/24 06:23:55] Avg Train Acc: 43.25
[09/24 06:23:55] Training...
[09/24 06:23:55] Learning rate: 0.010000000000000002
[09/24 06:23:55] scale_h: 1.8543860912322998
[09/24 06:23:55] scale_m: 1.8197795152664185
[09/24 06:23:55] Avg Train C2_Net_loss: 2.7174
[09/24 06:23:55] Avg Train Acc: 43.50
[09/24 06:23:55] Training...
[09/24 06:23:55] Learning rate: 0.010000000000000002
[09/24 06:23:55] scale_h: 1.8642451763153076
[09/24 06:23:55] scale_m: 1.8076425790786743
[09/24 06:23:55] Avg Train C2_Net_loss: 2.7390
[09/24 06:23:55] Avg Train Acc: 43.23
[09/24 06:23:55] Training...
[09/24 06:23:55] Learning rate: 0.010000000000000002
[09/24 06:23:55] scale_h: 1.8443115949630737
[09/24 06:23:55] scale_m: 1.8080798387527466
[09/24 06:23:55] Avg Train C2_Net_loss: 2.7097
[09/24 06:23:55] Avg Train Acc: 43.77
[09/24 06:23:55] 
[09/24 06:23:55] epoch 80/150, iter 20000:
[09/24 06:23:55] 5-way-1-shot acc: 46.527	0.484
[09/24 06:23:55] BEST!
[09/24 06:23:55] Training...
[09/24 06:23:55] Learning rate: 0.010000000000000002
[09/24 06:23:55] scale_h: 1.8881194591522217
[09/24 06:23:55] scale_m: 1.8469690084457397
[09/24 06:23:55] Avg Train C2_Net_loss: 2.6838
[09/24 06:23:55] Avg Train Acc: 44.03
[09/24 06:23:55] Training...
[09/24 06:23:55] Learning rate: 0.010000000000000002
[09/24 06:23:55] scale_h: 1.8938158750534058
[09/24 06:23:55] scale_m: 1.850489854812622
[09/24 06:23:55] Avg Train C2_Net_loss: 2.6655
[09/24 06:23:55] Avg Train Acc: 45.05
[09/24 06:23:55] Training...
[09/24 06:23:55] Learning rate: 0.010000000000000002
[09/24 06:23:55] scale_h: 1.9237451553344727
[09/24 06:23:55] scale_m: 1.9059988260269165
[09/24 06:23:55] Avg Train C2_Net_loss: 2.6571
[09/24 06:23:55] Avg Train Acc: 45.53
[09/24 06:23:55] Training...
[09/24 06:23:55] Learning rate: 0.010000000000000002
[09/24 06:23:55] scale_h: 1.9386109113693237
[09/24 06:23:55] scale_m: 1.942492127418518
[09/24 06:23:55] Avg Train C2_Net_loss: 2.6976
[09/24 06:23:55] Avg Train Acc: 44.63
[09/24 06:23:55] Training...
[09/24 06:23:55] Learning rate: 0.010000000000000002
[09/24 06:23:55] scale_h: 1.9050103425979614
[09/24 06:23:55] scale_m: 1.9128416776657104
[09/24 06:23:55] Avg Train C2_Net_loss: 2.6223
[09/24 06:23:55] Avg Train Acc: 46.57
[09/24 06:23:55] Training...
[09/24 06:23:55] Learning rate: 0.010000000000000002
[09/24 06:23:55] scale_h: 1.973659873008728
[09/24 06:23:55] scale_m: 1.9845465421676636
[09/24 06:23:55] Avg Train C2_Net_loss: 2.6654
[09/24 06:23:55] Avg Train Acc: 45.95
[09/24 06:23:55] Training...
[09/24 06:23:55] Learning rate: 0.010000000000000002
[09/24 06:23:55] scale_h: 1.923485279083252
[09/24 06:23:55] scale_m: 1.929060697555542
[09/24 06:23:55] Avg Train C2_Net_loss: 2.6967
[09/24 06:23:55] Avg Train Acc: 44.71
[09/24 06:23:55] Training...
[09/24 06:23:55] Learning rate: 0.010000000000000002
[09/24 06:23:55] scale_h: 1.8823057413101196
[09/24 06:23:55] scale_m: 1.9017951488494873
[09/24 06:23:55] Avg Train C2_Net_loss: 2.6022
[09/24 06:23:55] Avg Train Acc: 47.13
[09/24 06:23:55] Training...
[09/24 06:23:55] Learning rate: 0.010000000000000002
[09/24 06:23:55] scale_h: 1.9222124814987183
[09/24 06:23:55] scale_m: 1.9497884511947632
[09/24 06:23:55] Avg Train C2_Net_loss: 2.6262
[09/24 06:23:55] Avg Train Acc: 46.60
[09/24 06:23:55] Training...
[09/24 06:23:55] Learning rate: 0.010000000000000002
[09/24 06:23:55] scale_h: 1.9392173290252686
[09/24 06:23:55] scale_m: 1.9216781854629517
[09/24 06:23:55] Avg Train C2_Net_loss: 2.6632
[09/24 06:23:55] Avg Train Acc: 45.66
[09/24 06:23:55] 
[09/24 06:23:55] epoch 90/150, iter 22500:
[09/24 06:23:55] 5-way-1-shot acc: 47.378	0.504
[09/24 06:23:55] BEST!
[09/24 06:23:55] Training...
[09/24 06:23:55] Learning rate: 0.010000000000000002
[09/24 06:23:55] scale_h: 1.889372706413269
[09/24 06:23:55] scale_m: 1.8966730833053589
[09/24 06:23:55] Avg Train C2_Net_loss: 2.6079
[09/24 06:23:55] Avg Train Acc: 46.59
[09/24 06:23:55] Training...
[09/24 06:23:55] Learning rate: 0.010000000000000002
[09/24 06:23:55] scale_h: 1.9720661640167236
[09/24 06:23:55] scale_m: 1.954939603805542
[09/24 06:23:55] Avg Train C2_Net_loss: 2.6345
[09/24 06:23:55] Avg Train Acc: 46.46
[09/24 06:23:55] Training...
[09/24 06:23:55] Learning rate: 0.010000000000000002
[09/24 06:23:55] scale_h: 1.9859881401062012
[09/24 06:23:55] scale_m: 1.9610141515731812
[09/24 06:23:55] Avg Train C2_Net_loss: 2.6480
[09/24 06:23:55] Avg Train Acc: 46.03
[09/24 06:23:55] Training...
[09/24 06:23:55] Learning rate: 0.010000000000000002
[09/24 06:23:55] scale_h: 1.961337685585022
[09/24 06:23:55] scale_m: 1.9668759107589722
[09/24 06:23:55] Avg Train C2_Net_loss: 2.5969
[09/24 06:23:55] Avg Train Acc: 47.31
[09/24 06:23:55] Training...
[09/24 06:23:55] Learning rate: 0.010000000000000002
[09/24 06:23:55] scale_h: 2.011751890182495
[09/24 06:23:55] scale_m: 2.01526141166687
[09/24 06:23:55] Avg Train C2_Net_loss: 2.5677
[09/24 06:23:55] Avg Train Acc: 48.05
[09/24 06:23:55] Training...
[09/24 06:23:55] Learning rate: 0.010000000000000002
[09/24 06:23:55] scale_h: 2.0299503803253174
[09/24 06:23:55] scale_m: 2.012537956237793
[09/24 06:23:55] Avg Train C2_Net_loss: 2.6441
[09/24 06:23:55] Avg Train Acc: 46.23
[09/24 06:23:55] Training...
[09/24 06:23:55] Learning rate: 0.010000000000000002
[09/24 06:23:55] scale_h: 1.9646844863891602
[09/24 06:23:55] scale_m: 1.9128822088241577
[09/24 06:23:55] Avg Train C2_Net_loss: 2.5858
[09/24 06:23:55] Avg Train Acc: 47.22
[09/24 06:23:55] Training...
[09/24 06:23:55] Learning rate: 0.010000000000000002
[09/24 06:23:55] scale_h: 2.064875364303589
[09/24 06:23:55] scale_m: 2.0194473266601562
[09/24 06:23:55] Avg Train C2_Net_loss: 2.6081
[09/24 06:23:55] Avg Train Acc: 47.31
[09/24 06:23:55] Training...
[09/24 06:23:55] Learning rate: 0.010000000000000002
[09/24 06:23:55] scale_h: 2.0278284549713135
[09/24 06:23:55] scale_m: 1.9982491731643677
[09/24 06:23:55] Avg Train C2_Net_loss: 2.5500
[09/24 06:23:55] Avg Train Acc: 48.29
[09/24 06:23:55] Training...
[09/24 06:23:55] Learning rate: 0.010000000000000002
[09/24 06:23:55] scale_h: 2.042506456375122
[09/24 06:23:55] scale_m: 2.063420295715332
[09/24 06:23:55] Avg Train C2_Net_loss: 2.5397
[09/24 06:23:55] Avg Train Acc: 48.50
[09/24 06:23:55] 
[09/24 06:23:55] epoch 100/150, iter 25000:
[09/24 06:23:55] 5-way-1-shot acc: 48.671	0.504
[09/24 06:23:55] BEST!
[09/24 06:23:55] Training...
[09/24 06:23:55] Learning rate: 0.010000000000000002
[09/24 06:23:55] scale_h: 2.0427825450897217
[09/24 06:23:55] scale_m: 2.0301690101623535
[09/24 06:23:55] Avg Train C2_Net_loss: 2.5888
[09/24 06:23:55] Avg Train Acc: 47.54
[09/24 06:23:55] Training...
[09/24 06:23:55] Learning rate: 0.010000000000000002
[09/24 06:23:55] scale_h: 1.9887347221374512
[09/24 06:23:55] scale_m: 1.9902417659759521
[09/24 06:23:55] Avg Train C2_Net_loss: 2.5611
[09/24 06:23:55] Avg Train Acc: 48.26
[09/24 06:23:55] Training...
[09/24 06:23:55] Learning rate: 0.010000000000000002
[09/24 06:23:55] scale_h: 1.9826946258544922
[09/24 06:23:55] scale_m: 1.9908589124679565
[09/24 06:23:55] Avg Train C2_Net_loss: 2.5145
[09/24 06:23:55] Avg Train Acc: 49.23
[09/24 06:23:55] Training...
[09/24 06:23:55] Learning rate: 0.010000000000000002
[09/24 06:23:55] scale_h: 2.0391740798950195
[09/24 06:23:55] scale_m: 1.9985719919204712
[09/24 06:23:55] Avg Train C2_Net_loss: 2.5502
[09/24 06:23:55] Avg Train Acc: 48.06
[09/24 06:23:55] Training...
[09/24 06:23:55] Learning rate: 0.010000000000000002
[09/24 06:23:55] scale_h: 2.0224807262420654
[09/24 06:23:55] scale_m: 2.0033812522888184
[09/24 06:23:55] Avg Train C2_Net_loss: 2.5322
[09/24 06:23:55] Avg Train Acc: 49.05
[09/24 06:23:55] Training...
[09/24 06:23:55] Learning rate: 0.010000000000000002
[09/24 06:23:55] scale_h: 2.0852630138397217
[09/24 06:23:55] scale_m: 2.0280263423919678
[09/24 06:23:55] Avg Train C2_Net_loss: 2.5456
[09/24 06:23:55] Avg Train Acc: 48.43
[09/24 06:23:55] Training...
[09/24 06:23:55] Learning rate: 0.010000000000000002
[09/24 06:23:55] scale_h: 1.9832977056503296
[09/24 06:23:55] scale_m: 1.9471784830093384
[09/24 06:23:55] Avg Train C2_Net_loss: 2.5325
[09/24 06:23:55] Avg Train Acc: 48.81
[09/24 06:23:55] Training...
[09/24 06:23:55] Learning rate: 0.010000000000000002
[09/24 06:23:55] scale_h: 2.041414737701416
[09/24 06:23:55] scale_m: 2.007251024246216
[09/24 06:23:55] Avg Train C2_Net_loss: 2.5127
[09/24 06:23:55] Avg Train Acc: 49.44
[09/24 06:23:55] Training...
[09/24 06:23:55] Learning rate: 0.010000000000000002
[09/24 06:23:55] scale_h: 2.0378928184509277
[09/24 06:23:55] scale_m: 1.9921033382415771
[09/24 06:23:55] Avg Train C2_Net_loss: 2.5150
[09/24 06:23:55] Avg Train Acc: 49.09
[09/24 06:23:55] Training...
[09/24 06:23:55] Learning rate: 0.010000000000000002
[09/24 06:23:55] scale_h: 2.0403716564178467
[09/24 06:23:55] scale_m: 1.962929129600525
[09/24 06:23:55] Avg Train C2_Net_loss: 2.5440
[09/24 06:23:55] Avg Train Acc: 48.10
[09/24 06:23:55] 
[09/24 06:23:55] epoch 110/150, iter 27500:
[09/24 06:23:55] 5-way-1-shot acc: 49.225	0.510
[09/24 06:23:55] BEST!
[09/24 06:23:55] Training...
[09/24 06:23:55] Learning rate: 0.0010000000000000002
[09/24 06:23:55] scale_h: 2.041408061981201
[09/24 06:23:55] scale_m: 1.9828248023986816
[09/24 06:23:55] Avg Train C2_Net_loss: 2.4869
[09/24 06:23:55] Avg Train Acc: 50.01
[09/24 06:23:55] Training...
[09/24 06:23:55] Learning rate: 0.0010000000000000002
[09/24 06:23:55] scale_h: 2.056612014770508
[09/24 06:23:55] scale_m: 1.9905089139938354
[09/24 06:23:55] Avg Train C2_Net_loss: 2.3971
[09/24 06:23:55] Avg Train Acc: 51.33
[09/24 06:23:55] Training...
[09/24 06:23:55] Learning rate: 0.0010000000000000002
[09/24 06:23:55] scale_h: 2.080319881439209
[09/24 06:23:55] scale_m: 2.0097110271453857
[09/24 06:23:55] Avg Train C2_Net_loss: 2.3833
[09/24 06:23:55] Avg Train Acc: 51.96
[09/24 06:23:55] Training...
[09/24 06:23:55] Learning rate: 0.0010000000000000002
[09/24 06:23:55] scale_h: 2.097247362136841
[09/24 06:23:55] scale_m: 2.022740364074707
[09/24 06:23:55] Avg Train C2_Net_loss: 2.4381
[09/24 06:23:55] Avg Train Acc: 51.03
[09/24 06:23:55] Training...
[09/24 06:23:55] Learning rate: 0.0010000000000000002
[09/24 06:23:55] scale_h: 2.089338779449463
[09/24 06:23:55] scale_m: 2.020409107208252
[09/24 06:23:55] Avg Train C2_Net_loss: 2.3678
[09/24 06:23:55] Avg Train Acc: 52.89
[09/24 06:23:55] Training...
[09/24 06:23:55] Learning rate: 0.0010000000000000002
[09/24 06:23:55] scale_h: 2.1183667182922363
[09/24 06:23:55] scale_m: 2.0403873920440674
[09/24 06:23:55] Avg Train C2_Net_loss: 2.3355
[09/24 06:23:55] Avg Train Acc: 53.46
[09/24 06:23:55] Training...
[09/24 06:23:55] Learning rate: 0.0010000000000000002
[09/24 06:23:55] scale_h: 2.1292176246643066
[09/24 06:23:55] scale_m: 2.0535433292388916
[09/24 06:23:55] Avg Train C2_Net_loss: 2.3771
[09/24 06:23:55] Avg Train Acc: 52.51
[09/24 06:23:55] Training...
[09/24 06:23:55] Learning rate: 0.0010000000000000002
[09/24 06:23:55] scale_h: 2.1254377365112305
[09/24 06:23:55] scale_m: 2.052133321762085
[09/24 06:23:55] Avg Train C2_Net_loss: 2.3723
[09/24 06:23:55] Avg Train Acc: 52.71
[09/24 06:23:55] Training...
[09/24 06:23:55] Learning rate: 0.0010000000000000002
[09/24 06:23:55] scale_h: 2.1364383697509766
[09/24 06:23:55] scale_m: 2.0560302734375
[09/24 06:23:55] Avg Train C2_Net_loss: 2.3336
[09/24 06:23:55] Avg Train Acc: 53.55
[09/24 06:23:55] Training...
[09/24 06:23:55] Learning rate: 0.0010000000000000002
[09/24 06:23:55] scale_h: 2.1410398483276367
[09/24 06:23:55] scale_m: 2.060070276260376
[09/24 06:23:55] Avg Train C2_Net_loss: 2.3064
[09/24 06:23:55] Avg Train Acc: 54.28
[09/24 06:23:55] 
[09/24 06:23:55] epoch 120/150, iter 30000:
[09/24 06:23:55] 5-way-1-shot acc: 54.787	0.542
[09/24 06:23:55] BEST!
[09/24 06:23:55] Training...
[09/24 06:23:55] Learning rate: 0.0010000000000000002
[09/24 06:23:55] scale_h: 2.1540184020996094
[09/24 06:23:55] scale_m: 2.07118558883667
[09/24 06:23:55] Avg Train C2_Net_loss: 2.3630
[09/24 06:23:55] Avg Train Acc: 52.63
[09/24 06:23:55] Training...
[09/24 06:23:55] Learning rate: 0.0010000000000000002
[09/24 06:23:55] scale_h: 2.1480553150177
[09/24 06:23:55] scale_m: 2.0668680667877197
[09/24 06:23:55] Avg Train C2_Net_loss: 2.3206
[09/24 06:23:55] Avg Train Acc: 54.24
[09/24 06:23:55] Training...
[09/24 06:23:55] Learning rate: 0.0010000000000000002
[09/24 06:23:55] scale_h: 2.159132719039917
[09/24 06:23:55] scale_m: 2.0789458751678467
[09/24 06:23:55] Avg Train C2_Net_loss: 2.3610
[09/24 06:23:55] Avg Train Acc: 52.59
[09/24 06:23:55] Training...
[09/24 06:23:55] Learning rate: 0.0010000000000000002
[09/24 06:23:55] scale_h: 2.1510534286499023
[09/24 06:23:55] scale_m: 2.0708889961242676
[09/24 06:23:55] Avg Train C2_Net_loss: 2.3346
[09/24 06:23:55] Avg Train Acc: 53.80
[09/24 06:23:55] Training...
[09/24 06:23:55] Learning rate: 0.0010000000000000002
[09/24 06:23:55] scale_h: 2.168593645095825
[09/24 06:23:55] scale_m: 2.0934853553771973
[09/24 06:23:55] Avg Train C2_Net_loss: 2.3115
[09/24 06:23:55] Avg Train Acc: 53.67
[09/24 06:23:55] Training...
[09/24 06:23:55] Learning rate: 0.0010000000000000002
[09/24 06:23:55] scale_h: 2.1714160442352295
[09/24 06:23:55] scale_m: 2.0945284366607666
[09/24 06:23:55] Avg Train C2_Net_loss: 2.3616
[09/24 06:23:55] Avg Train Acc: 52.78
[09/24 06:23:55] Training...
[09/24 06:23:55] Learning rate: 0.0010000000000000002
[09/24 06:23:55] scale_h: 2.1615750789642334
[09/24 06:23:55] scale_m: 2.087278127670288
[09/24 06:23:55] Avg Train C2_Net_loss: 2.3134
[09/24 06:23:55] Avg Train Acc: 53.80
[09/24 06:23:55] Training...
[09/24 06:23:55] Learning rate: 0.0010000000000000002
[09/24 06:23:55] scale_h: 2.172459602355957
[09/24 06:23:55] scale_m: 2.0997626781463623
[09/24 06:23:55] Avg Train C2_Net_loss: 2.3369
[09/24 06:23:55] Avg Train Acc: 53.94
[09/24 06:23:55] Training...
[09/24 06:23:55] Learning rate: 0.0010000000000000002
[09/24 06:23:55] scale_h: 2.175509214401245
[09/24 06:23:55] scale_m: 2.103365421295166
[09/24 06:23:55] Avg Train C2_Net_loss: 2.3196
[09/24 06:23:55] Avg Train Acc: 53.77
[09/24 06:23:55] Training...
[09/24 06:23:55] Learning rate: 0.0010000000000000002
[09/24 06:23:55] scale_h: 2.1912178993225098
[09/24 06:23:55] scale_m: 2.107421875
[09/24 06:23:55] Avg Train C2_Net_loss: 2.3105
[09/24 06:23:55] Avg Train Acc: 54.27
[09/24 06:23:55] 
[09/24 06:23:55] epoch 130/150, iter 32500:
[09/24 06:23:55] 5-way-1-shot acc: 54.933	0.522
[09/24 06:23:55] BEST!
[09/24 06:23:55] Training...
[09/24 06:23:55] Learning rate: 0.0010000000000000002
[09/24 06:23:55] scale_h: 2.1939268112182617
[09/24 06:23:55] scale_m: 2.1067123413085938
[09/24 06:23:55] Avg Train C2_Net_loss: 2.3224
[09/24 06:23:55] Avg Train Acc: 53.38
[09/24 06:23:55] Training...
[09/24 06:23:55] Learning rate: 0.0010000000000000002
[09/24 06:23:55] scale_h: 2.19631290435791
[09/24 06:23:55] scale_m: 2.1060290336608887
[09/24 06:23:55] Avg Train C2_Net_loss: 2.3285
[09/24 06:23:55] Avg Train Acc: 53.40
[09/24 06:23:55] Training...
[09/24 06:23:55] Learning rate: 0.0010000000000000002
[09/24 06:23:55] scale_h: 2.190736770629883
[09/24 06:23:55] scale_m: 2.1016807556152344
[09/24 06:23:55] Avg Train C2_Net_loss: 2.3127
[09/24 06:23:55] Avg Train Acc: 53.93
[09/24 06:23:55] Training...
[09/24 06:23:55] Learning rate: 0.0010000000000000002
[09/24 06:23:55] scale_h: 2.1909689903259277
[09/24 06:23:55] scale_m: 2.1059789657592773
[09/24 06:23:55] Avg Train C2_Net_loss: 2.3014
[09/24 06:23:55] Avg Train Acc: 54.55
[09/24 06:23:55] Training...
[09/24 06:23:55] Learning rate: 0.0010000000000000002
[09/24 06:23:55] scale_h: 2.196763515472412
[09/24 06:23:55] scale_m: 2.116594076156616
[09/24 06:23:55] Avg Train C2_Net_loss: 2.3035
[09/24 06:23:55] Avg Train Acc: 54.31
[09/24 06:23:55] Training...
[09/24 06:23:55] Learning rate: 0.0010000000000000002
[09/24 06:23:55] scale_h: 2.2078945636749268
[09/24 06:23:55] scale_m: 2.119605779647827
[09/24 06:23:55] Avg Train C2_Net_loss: 2.3529
[09/24 06:23:55] Avg Train Acc: 53.03
[09/24 06:23:55] Training...
[09/24 06:23:55] Learning rate: 0.0010000000000000002
[09/24 06:23:55] scale_h: 2.1986539363861084
[09/24 06:23:55] scale_m: 2.120044231414795
[09/24 06:23:55] Avg Train C2_Net_loss: 2.2686
[09/24 06:23:55] Avg Train Acc: 55.03
[09/24 06:23:55] Training...
[09/24 06:23:55] Learning rate: 0.0010000000000000002
[09/24 06:23:55] scale_h: 2.209643602371216
[09/24 06:23:55] scale_m: 2.1285603046417236
[09/24 06:23:55] Avg Train C2_Net_loss: 2.2837
[09/24 06:23:55] Avg Train Acc: 54.74
[09/24 06:23:55] Training...
[09/24 06:23:55] Learning rate: 0.0010000000000000002
[09/24 06:23:55] scale_h: 2.217074155807495
[09/24 06:23:55] scale_m: 2.1334993839263916
[09/24 06:23:55] Avg Train C2_Net_loss: 2.2873
[09/24 06:23:55] Avg Train Acc: 54.52
[09/24 06:23:55] Training...
[09/24 06:23:55] Learning rate: 0.0010000000000000002
[09/24 06:23:55] scale_h: 2.2213211059570312
[09/24 06:23:55] scale_m: 2.1352574825286865
[09/24 06:23:55] Avg Train C2_Net_loss: 2.3259
[09/24 06:23:55] Avg Train Acc: 54.01
[09/24 06:23:55] 
[09/24 06:23:55] epoch 140/150, iter 35000:
[09/24 06:23:55] 5-way-1-shot acc: 55.647	0.518
[09/24 06:23:55] BEST!
[09/24 06:23:55] Training...
[09/24 06:23:55] Learning rate: 0.0010000000000000002
[09/24 06:23:55] scale_h: 2.21221923828125
[09/24 06:23:55] scale_m: 2.121220588684082
[09/24 06:23:55] Avg Train C2_Net_loss: 2.2951
[09/24 06:23:55] Avg Train Acc: 54.30
[09/24 06:23:55] Training...
[09/24 06:23:55] Learning rate: 0.0010000000000000002
[09/24 06:23:55] scale_h: 2.2244367599487305
[09/24 06:23:55] scale_m: 2.1321473121643066
[09/24 06:23:55] Avg Train C2_Net_loss: 2.3045
[09/24 06:23:55] Avg Train Acc: 54.21
[09/24 06:23:55] Training...
[09/24 06:23:55] Learning rate: 0.0010000000000000002
[09/24 06:23:55] scale_h: 2.2217366695404053
[09/24 06:23:55] scale_m: 2.129262924194336
[09/24 06:23:55] Avg Train C2_Net_loss: 2.3269
[09/24 06:23:55] Avg Train Acc: 53.67
[09/24 06:23:55] Training...
[09/24 06:23:55] Learning rate: 0.0010000000000000002
[09/24 06:23:55] scale_h: 2.2185311317443848
[09/24 06:23:55] scale_m: 2.1277694702148438
[09/24 06:23:55] Avg Train C2_Net_loss: 2.2978
[09/24 06:23:55] Avg Train Acc: 54.53
[09/24 06:23:55] Training...
[09/24 06:23:55] Learning rate: 0.0010000000000000002
[09/24 06:23:55] scale_h: 2.221832275390625
[09/24 06:23:55] scale_m: 2.137394666671753
[09/24 06:23:55] Avg Train C2_Net_loss: 2.2987
[09/24 06:23:55] Avg Train Acc: 54.01
[09/24 06:23:55] Training...
[09/24 06:23:55] Learning rate: 0.0010000000000000002
[09/24 06:23:55] scale_h: 2.228943109512329
[09/24 06:23:55] scale_m: 2.135633945465088
[09/24 06:23:55] Avg Train C2_Net_loss: 2.3107
[09/24 06:23:55] Avg Train Acc: 54.53
[09/24 06:23:55] Training...
[09/24 06:23:55] Learning rate: 0.0010000000000000002
[09/24 06:23:55] scale_h: 2.228701591491699
[09/24 06:23:55] scale_m: 2.1487085819244385
[09/24 06:23:55] Avg Train C2_Net_loss: 2.2810
[09/24 06:23:55] Avg Train Acc: 55.11
[09/24 06:23:55] Training...
[09/24 06:23:55] Learning rate: 0.0010000000000000002
[09/24 06:23:55] scale_h: 2.239877939224243
[09/24 06:23:55] scale_m: 2.156667709350586
[09/24 06:23:55] Avg Train C2_Net_loss: 2.2907
[09/24 06:23:55] Avg Train Acc: 54.82
[09/24 06:23:55] Training...
[09/24 06:23:55] Learning rate: 0.0010000000000000002
[09/24 06:23:55] scale_h: 2.232933759689331
[09/24 06:23:55] scale_m: 2.1488473415374756
[09/24 06:23:55] Avg Train C2_Net_loss: 2.3068
[09/24 06:23:55] Avg Train Acc: 54.23
[09/24 06:23:55] Training...
[09/24 06:23:55] Learning rate: 0.0010000000000000002
[09/24 06:23:55] scale_h: 2.231255531311035
[09/24 06:23:55] scale_m: 2.1390626430511475
[09/24 06:23:55] Avg Train C2_Net_loss: 2.2803
[09/24 06:23:55] Avg Train Acc: 55.09
[09/24 06:23:55] 
[09/24 06:23:55] epoch 150/150, iter 37500:
[09/24 06:23:55] 5-way-1-shot acc: 56.581	0.531
[09/24 06:23:55] BEST!
[09/24 06:23:55] training finished!
[09/24 06:23:55] ------------------------
[09/24 06:23:55] the best epoch is 150/150
[09/24 06:23:55] the best 5-way 1-shot val acc is 56.581
[09/24 06:23:55] ------------------------
[09/24 06:23:55] evaluating on test set:
[09/24 06:23:55] --------------------------
[09/24 06:23:55] display all the hyper-parameters in args:
[09/24 06:23:55] opt: sgd
[09/24 06:23:55] lr: 0.1
[09/24 06:23:55] gamma: 0.1
[09/24 06:23:55] epoch: 150
[09/24 06:23:55] weight_decay: 0.0005
[09/24 06:23:55] gpu: 1
[09/24 06:23:55] seed: 42
[09/24 06:23:55] val_epoch: 1
[09/24 06:23:55] resnet: False
[09/24 06:23:55] nesterov: True
[09/24 06:23:55] pre: False
[09/24 06:23:55] no_val: False
[09/24 06:23:55] train_way: 5
[09/24 06:23:55] test_way: 5
[09/24 06:23:55] train_shot: 1
[09/24 06:23:55] test_shot: [1]
[09/24 06:23:55] train_query_shot: 15
[09/24 06:23:55] test_query_shot: 15
[09/24 06:23:55] val_trial: 2000
[09/24 06:23:55] detailed_name: False
[09/24 06:23:55] dataset: sketchy
[09/24 06:23:55] alpha: 0.5
[09/24 06:23:55] model: C2_Net
[09/24 06:23:55] resume: True
[09/24 06:23:55] resume_epoch: 0
[09/24 06:23:55] save_folder: /home/zhengwei/github/C2-Net/experiments/Sketchy/C2_Net/Conv-4_1-shot
[09/24 06:23:55] ------------------------
[09/24 06:23:55] ------------------------
[09/24 06:23:55] evaluating on test set:
[09/24 06:23:55] --------------------------
[09/24 06:23:55] display all the hyper-parameters in args:
[09/24 06:23:55] opt: sgd
[09/24 06:23:55] lr: 0.1
[09/24 06:23:55] gamma: 0.1
[09/24 06:23:55] epoch: 150
[09/24 06:23:55] weight_decay: 0.0005
[09/24 06:23:55] gpu: 1
[09/24 06:23:55] seed: 42
[09/24 06:23:55] val_epoch: 1
[09/24 06:23:55] resnet: False
[09/24 06:23:55] nesterov: True
[09/24 06:23:55] pre: False
[09/24 06:23:55] no_val: False
[09/24 06:23:55] train_way: 5
[09/24 06:23:55] test_way: 5
[09/24 06:23:55] train_shot: 1
[09/24 06:23:55] test_shot: [1]
[09/24 06:23:55] train_query_shot: 15
[09/24 06:23:55] test_query_shot: 15
[09/24 06:23:55] val_trial: 2000
[09/24 06:23:55] detailed_name: False
[09/24 06:23:55] dataset: sketchy
[09/24 06:23:55] alpha: 0.5
[09/24 06:23:55] model: C2_Net
[09/24 06:23:55] resume: True
[09/24 06:23:55] resume_epoch: 0
[09/24 06:23:55] save_folder: /home/zhengwei/github/C2-Net/experiments/Sketchy/C2_Net/Conv-4_1-shot
[09/24 06:23:55] ------------------------
[09/24 06:23:55] ------------------------
[09/24 06:23:55] evaluating on test set:
[09/24 06:23:55] --------------------------
[09/24 06:23:55] display all the hyper-parameters in args:
[09/24 06:23:55] opt: sgd
[09/24 06:23:55] lr: 0.1
[09/24 06:23:55] gamma: 0.1
[09/24 06:23:55] epoch: 150
[09/24 06:23:55] weight_decay: 0.0005
[09/24 06:23:55] gpu: 1
[09/24 06:23:55] seed: 42
[09/24 06:23:55] val_epoch: 1
[09/24 06:23:55] resnet: False
[09/24 06:23:55] nesterov: True
[09/24 06:23:55] pre: False
[09/24 06:23:55] no_val: False
[09/24 06:23:55] train_way: 5
[09/24 06:23:55] test_way: 5
[09/24 06:23:55] train_shot: 1
[09/24 06:23:55] test_shot: [1]
[09/24 06:23:55] train_query_shot: 15
[09/24 06:23:55] test_query_shot: 15
[09/24 06:23:55] val_trial: 2000
[09/24 06:23:55] detailed_name: False
[09/24 06:23:55] dataset: sketchy
[09/24 06:23:55] alpha: 0.5
[09/24 06:23:55] model: C2_Net
[09/24 06:23:55] resume: True
[09/24 06:23:55] resume_epoch: 0
[09/24 06:23:55] save_folder: /home/zhengwei/github/C2-Net/experiments/Sketchy/C2_Net/Conv-4_1-shot
[09/24 06:23:55] ------------------------
[09/24 06:23:55] ------------------------
[09/24 06:23:55] evaluating on test set:
[09/24 06:23:55] --------------------------
[09/24 06:23:55] display all the hyper-parameters in args:
[09/24 06:23:55] opt: sgd
[09/24 06:23:55] lr: 0.1
[09/24 06:23:55] gamma: 0.1
[09/24 06:23:55] epoch: 150
[09/24 06:23:55] weight_decay: 0.0005
[09/24 06:23:55] gpu: 1
[09/24 06:23:55] seed: 42
[09/24 06:23:55] val_epoch: 1
[09/24 06:23:55] resnet: False
[09/24 06:23:55] nesterov: True
[09/24 06:23:55] pre: False
[09/24 06:23:55] no_val: False
[09/24 06:23:55] train_way: 5
[09/24 06:23:55] test_way: 5
[09/24 06:23:55] train_shot: 1
[09/24 06:23:55] test_shot: [1]
[09/24 06:23:55] train_query_shot: 15
[09/24 06:23:55] test_query_shot: 15
[09/24 06:23:55] val_trial: 2000
[09/24 06:23:55] detailed_name: False
[09/24 06:23:55] dataset: sketchy
[09/24 06:23:55] alpha: 0.5
[09/24 06:23:55] model: C2_Net
[09/24 06:23:55] resume: True
[09/24 06:23:55] resume_epoch: 0
[09/24 06:23:55] save_folder: /home/zhengwei/github/C2-Net/experiments/Sketchy/C2_Net/Conv-4_1-shot
[09/24 06:23:55] ------------------------
[09/24 06:23:55] ------------------------
[09/24 06:23:55] evaluating on test set:
[09/24 06:23:55] --------------------------
[09/24 06:23:55] display all the hyper-parameters in args:
[09/24 06:23:55] opt: sgd
[09/24 06:23:55] lr: 0.1
[09/24 06:23:55] gamma: 0.1
[09/24 06:23:55] epoch: 150
[09/24 06:23:55] weight_decay: 0.0005
[09/24 06:23:55] gpu: 1
[09/24 06:23:55] seed: 42
[09/24 06:23:55] val_epoch: 1
[09/24 06:23:55] resnet: False
[09/24 06:23:55] nesterov: True
[09/24 06:23:55] pre: False
[09/24 06:23:55] no_val: False
[09/24 06:23:55] train_way: 5
[09/24 06:23:55] test_way: 5
[09/24 06:23:55] train_shot: 1
[09/24 06:23:55] test_shot: [1]
[09/24 06:23:55] train_query_shot: 15
[09/24 06:23:55] test_query_shot: 15
[09/24 06:23:55] val_trial: 2000
[09/24 06:23:55] detailed_name: False
[09/24 06:23:55] dataset: sketchy
[09/24 06:23:55] alpha: 0.5
[09/24 06:23:55] model: C2_Net
[09/24 06:23:55] resume: True
[09/24 06:23:55] resume_epoch: 0
[09/24 06:23:55] save_folder: /home/zhengwei/github/C2-Net/experiments/Sketchy/C2_Net/Conv-4_1-shot
[09/24 06:23:55] ------------------------
[09/24 06:23:55] ------------------------
[09/24 06:23:55] evaluating on test set:
[09/24 06:23:55] 5-way-1-shot acc: 44.194	0.239
[09/24 06:23:55] --------------------------
[09/24 06:23:55] display all the hyper-parameters in args:
[09/24 06:23:55] opt: sgd
[09/24 06:23:55] lr: 0.1
[09/24 06:23:55] gamma: 0.1
[09/24 06:23:55] epoch: 150
[09/24 06:23:55] weight_decay: 0.0005
[09/24 06:23:55] gpu: 1
[09/24 06:23:55] seed: 42
[09/24 06:23:55] val_epoch: 1
[09/24 06:23:55] resnet: False
[09/24 06:23:55] nesterov: True
[09/24 06:23:55] pre: False
[09/24 06:23:55] no_val: False
[09/24 06:23:55] train_way: 5
[09/24 06:23:55] test_way: 5
[09/24 06:23:55] train_shot: 1
[09/24 06:23:55] test_shot: 5
[09/24 06:23:55] train_query_shot: 15
[09/24 06:23:55] test_query_shot: 15
[09/24 06:23:55] val_trial: 2000
[09/24 06:23:55] detailed_name: False
[09/24 06:23:55] dataset: sketchy
[09/24 06:23:55] alpha: 0.5
[09/24 06:23:55] model: C2_Net
[09/24 06:23:55] resume: True
[09/24 06:23:55] resume_epoch: 0
[09/24 06:23:55] save_folder: /home/zhengwei/github/C2-Net/experiments/Sketchy/C2_Net/Conv-4_1-shot
[09/24 06:23:55] ------------------------
[09/24 06:23:55] ------------------------
[09/24 06:23:55] evaluating on test set:
[09/24 06:23:55] --------------------------
[09/24 06:23:55] display all the hyper-parameters in args:
[09/24 06:23:55] opt: sgd
[09/24 06:23:55] lr: 0.1
[09/24 06:23:55] gamma: 0.1
[09/24 06:23:55] epoch: 150
[09/24 06:23:55] weight_decay: 0.0005
[09/24 06:23:55] gpu: 1
[09/24 06:23:55] seed: 42
[09/24 06:23:55] val_epoch: 1
[09/24 06:23:55] resnet: False
[09/24 06:23:55] nesterov: True
[09/24 06:23:55] pre: False
[09/24 06:23:55] no_val: False
[09/24 06:23:55] train_way: 5
[09/24 06:23:55] test_way: 5
[09/24 06:23:55] train_shot: 1
[09/24 06:23:55] test_shot: 5
[09/24 06:23:55] train_query_shot: 15
[09/24 06:23:55] test_query_shot: 15
[09/24 06:23:55] val_trial: 2000
[09/24 06:23:55] detailed_name: False
[09/24 06:23:55] dataset: sketchy
[09/24 06:23:55] alpha: 0.5
[09/24 06:23:55] model: C2_Net
[09/24 06:23:55] resume: True
[09/24 06:23:55] resume_epoch: 0
[09/24 06:23:55] save_folder: /home/zhengwei/github/C2-Net/experiments/Sketchy/C2_Net/Conv-4_1-shot
[09/24 06:23:55] ------------------------
[09/24 06:23:55] ------------------------
[09/24 06:23:55] evaluating on test set:
[09/24 06:23:55] --------------------------
[09/24 06:23:55] display all the hyper-parameters in args:
[09/24 06:23:55] opt: sgd
[09/24 06:23:55] lr: 0.1
[09/24 06:23:55] gamma: 0.1
[09/24 06:23:55] epoch: 150
[09/24 06:23:55] weight_decay: 0.0005
[09/24 06:23:55] gpu: 1
[09/24 06:23:55] seed: 42
[09/24 06:23:55] val_epoch: 1
[09/24 06:23:55] resnet: False
[09/24 06:23:55] nesterov: True
[09/24 06:23:55] pre: False
[09/24 06:23:55] no_val: False
[09/24 06:23:55] train_way: 5
[09/24 06:23:55] test_way: 5
[09/24 06:23:55] train_shot: 1
[09/24 06:23:55] test_shot: 5
[09/24 06:23:55] train_query_shot: 15
[09/24 06:23:55] test_query_shot: 15
[09/24 06:23:55] val_trial: 2000
[09/24 06:23:55] detailed_name: False
[09/24 06:23:55] dataset: sketchy
[09/24 06:23:55] alpha: 0.5
[09/24 06:23:55] model: C2_Net
[09/24 06:23:55] resume: True
[09/24 06:23:55] resume_epoch: 0
[09/24 06:23:55] save_folder: /home/zhengwei/github/C2-Net/experiments/Sketchy/C2_Net/Conv-4_1-shot
[09/24 06:23:55] ------------------------
[09/24 06:23:55] ------------------------
[09/24 06:23:55] evaluating on test set:
[09/24 06:25:29] 5-way-5-shot acc: 52.733	0.248
